[Wed Jul 27 21:26:28 2016] frame 00000042 | user 0: p(1.00,0.00) v(1.00,0.00) a(0.00,0.00) -> p(2.00,0.00) v(1.00,0.00) a(0.00,0.00)
[Wed Jul 27 21:26:28 2016] frame 00000043 | user 0: p(2.00,0.00) v(1.00,0.00) a(0.00,0.00) -> p(3.00,0.00) v(1.00,0.00) a(0.00,0.00)
[Wed Jul 27 21:26:28 2016] frame 00000044 | user 0: p(3.00,0.00) v(1.00,0.00) a(0.00,0.00) -> p(4.00,0.00) v(1.00,0.00) a(0.00,0.00)
[Wed Jul 27 21:26:28 2016] frame 00000045 | user 0: p(4.00,0.00) v(1.00,0.00) a(0.00,0.00) -> p(5.00,0.00) v(1.00,0.00) a(0.00,0.00)
[Wed Jul 27 21:26:28 2016] frame 00000046 | user 0: p(5.00,0.00) v(1.00,0.00) a(0.00,0.00) -> p(6.00,0.00) v(1.00,0.00) a(0.00,0.00)
[Wed Jul 27 21:26:28 2016] frame 00000046 | client 0 update to server
[Wed Jul 27 21:26:28 2016] frame 00000046 | got server flush, sframe 00000046
[Wed Jul 27 21:26:28 2016] frame 00000047 | user 0: p(6.00,0.00) v(1.00,0.00) a(0.00,0.00) -> p(7.00,0.00) v(1.00,0.00) a(0.00,0.00)
[Wed Jul 27 21:26:28 2016] frame 00000048 | user 0: p(7.00,0.00) v(1.00,0.00) a(0.00,0.00) -> p(8.00,0.00) v(1.00,0.00) a(0.00,0.00)
[Wed Jul 27 21:26:28 2016] frame 00000049 | user 0: p(8.00,0.00) v(1.00,0.00) a(0.00,0.00) -> p(9.00,0.00) v(1.00,0.00) a(0.00,0.00)
[Wed Jul 27 21:26:28 2016] frame 0000004A | user 0: p(9.00,0.00) v(1.00,0.00) a(0.00,0.00) -> p(10.00,0.00) v(1.00,0.00) a(0.00,0.00)
[Wed Jul 27 21:26:29 2016] frame 0000004A | got server flush, sframe 0000004B
[Wed Jul 27 21:26:29 2016] frame 0000004C | user 0: p(11.00,0.00) v(1.00,0.00) a(0.00,0.00) -> p(12.00,0.00) v(1.00,0.00) a(0.00,0.00)
[Wed Jul 27 21:26:29 2016] frame 0000004D | user 0: p(12.00,0.00) v(1.00,0.00) a(0.00,0.00) -> p(13.00,0.00) v(1.00,0.00) a(0.00,0.00)
[Wed Jul 27 21:26:29 2016] frame 0000004E | user 0: p(13.00,0.00) v(1.00,0.00) a(0.00,0.00) -> p(14.00,0.00) v(1.00,0.00) a(0.00,0.00)
[Wed Jul 27 21:26:29 2016] frame 0000004F | user 0: p(14.00,0.00) v(1.00,0.00) a(0.00,0.00) -> p(15.00,0.00) v(1.00,0.00) a(0.00,0.00)
[Wed Jul 27 21:26:29 2016] frame 0000004F | got server flush, sframe 00000050
[Wed Jul 27 21:26:29 2016] frame 00000051 | user 0: p(16.00,0.00) v(1.00,0.00) a(0.00,0.00) -> p(17.00,0.00) v(1.00,0.00) a(0.00,0.00)
[Wed Jul 27 21:26:29 2016] frame 00000052 | user 0: p(17.00,0.00) v(1.00,0.00) a(0.00,0.00) -> p(18.00,0.00) v(1.00,0.00) a(0.00,0.00)
[Wed Jul 27 21:26:29 2016] frame 00000053 | user 0: p(18.00,0.00) v(1.00,0.00) a(0.00,0.00) -> p(19.00,0.00) v(1.00,0.00) a(0.00,0.00)
[Wed Jul 27 21:26:29 2016] frame 00000054 | user 0: p(19.00,0.00) v(1.00,0.00) a(0.00,0.00) -> p(20.00,0.00) v(1.00,0.00) a(0.00,0.00)
[Wed Jul 27 21:26:29 2016] frame 00000054 | got server flush, sframe 00000055
[Wed Jul 27 21:26:29 2016] frame 00000056 | user 0: p(21.00,0.00) v(1.00,0.00) a(0.00,0.00) -> p(22.00,0.00) v(1.00,0.00) a(0.00,0.00)
[Wed Jul 27 21:26:29 2016] frame 00000057 | user 0: p(22.00,0.00) v(1.00,0.00) a(0.00,0.00) -> p(23.00,0.00) v(1.00,0.00) a(0.00,0.00)
[Wed Jul 27 21:26:29 2016] frame 00000058 | user 0: p(23.00,0.00) v(1.00,0.00) a(0.00,0.00) -> p(24.00,0.00) v(1.00,0.00) a(0.00,0.00)
[Wed Jul 27 21:26:29 2016] frame 00000059 | user 0: p(24.00,0.00) v(1.00,0.00) a(0.00,0.00) -> p(25.00,0.00) v(1.00,0.00) a(0.00,0.00)
[Wed Jul 27 21:26:29 2016] frame 0000005A | user 0: p(25.00,0.00) v(1.00,0.00) a(0.00,0.00) -> p(26.00,0.00) v(1.00,0.00) a(0.00,0.00)
[Wed Jul 27 21:26:29 2016] frame 0000005A | client 0 update to server
[Wed Jul 27 21:26:29 2016] frame 0000005A | got server flush, sframe 0000005A
[Wed Jul 27 21:26:29 2016] frame 0000005B | user 0: p(26.00,0.00) v(1.00,0.00) a(0.00,0.00) -> p(27.00,0.00) v(1.00,0.00) a(0.00,0.00)
[Wed Jul 27 21:26:29 2016] frame 0000005C | user 0: p(27.00,0.00) v(1.00,0.00) a(0.00,0.00) -> p(28.00,0.00) v(1.00,0.00) a(0.00,0.00)
[Wed Jul 27 21:26:29 2016] frame 0000005D | user 0: p(28.00,0.00) v(1.00,0.00) a(0.00,0.00) -> p(29.00,0.00) v(1.00,0.00) a(0.00,0.00)
[Wed Jul 27 21:26:29 2016] frame 0000005E | user 0: p(29.00,0.00) v(1.00,0.00) a(0.00,0.00) -> p(30.00,0.00) v(1.00,0.00) a(0.00,0.00)
[Wed Jul 27 21:26:29 2016] frame 0000005F | user 0: p(30.00,0.00) v(1.00,0.00) a(0.00,0.00) -> p(31.00,0.00) v(1.00,0.00) a(0.00,0.00)
[Wed Jul 27 21:26:29 2016] frame 0000005F | client 0 update to server
[Wed Jul 27 21:26:29 2016] frame 0000005F | got server flush, sframe 0000005F
[Wed Jul 27 21:26:29 2016] frame 00000060 | user 0: p(31.00,0.00) v(1.00,0.00) a(0.00,0.00) -> p(32.00,0.00) v(1.00,0.00) a(0.00,0.00)
[Wed Jul 27 21:26:29 2016] frame 00000061 | user 0: p(32.00,0.00) v(1.00,0.00) a(0.00,0.00) -> p(33.00,0.00) v(1.00,0.00) a(0.00,0.00)
[Wed Jul 27 21:26:29 2016] frame 00000062 | user 0: p(33.00,0.00) v(1.00,0.00) a(0.00,0.00) -> p(34.00,0.00) v(1.00,0.00) a(0.00,0.00)
[Wed Jul 27 21:26:29 2016] frame 00000063 | user 0: p(34.00,0.00) v(0.00,0.00) a(-0.30,0.00) -> p(34.00,0.00) v(-0.30,0.00) a(-0.27,0.00)
[Wed Jul 27 21:26:29 2016] frame 00000064 | user 0: p(34.00,0.00) v(-0.30,0.00) a(-0.27,0.00) -> p(33.70,0.00) v(-0.57,0.00) a(-0.24,0.00)
[Wed Jul 27 21:26:29 2016] frame 00000064 | client 0 update to server
[Wed Jul 27 21:26:29 2016] frame 00000064 | got server flush, sframe 00000064
[Wed Jul 27 21:26:29 2016] frame 00000065 | user 0: p(33.70,0.00) v(-0.57,0.00) a(-0.24,0.00) -> p(33.13,0.00) v(-0.81,0.00) a(-0.22,0.00)
[Wed Jul 27 21:26:29 2016] frame 00000066 | user 0: p(33.13,0.00) v(-0.81,0.00) a(-0.22,0.00) -> p(32.32,0.00) v(-1.03,0.00) a(-0.20,0.00)
[Wed Jul 27 21:26:29 2016] frame 00000067 | user 0: p(32.32,0.00) v(-1.03,0.00) a(-0.20,0.00) -> p(31.29,0.00) v(-1.23,0.00) a(-0.18,0.00)
[Wed Jul 27 21:26:29 2016] frame 00000068 | user 0: p(31.29,0.00) v(-1.23,0.00) a(-0.18,0.00) -> p(30.06,0.00) v(-1.41,0.00) a(-0.16,0.00)
[Wed Jul 27 21:26:30 2016] frame 00000069 | user 0: p(30.06,0.00) v(-1.41,0.00) a(-0.16,0.00) -> p(28.65,0.00) v(-1.57,0.00) a(-0.14,0.00)
[Wed Jul 27 21:26:30 2016] frame 00000069 | client 0 update to server
[Wed Jul 27 21:26:30 2016] frame 00000069 | got server flush, sframe 00000069
[Wed Jul 27 21:26:30 2016] frame 0000006A | user 0: p(28.65,0.00) v(-1.57,0.00) a(-0.14,0.00) -> p(27.09,0.00) v(-1.71,0.00) a(-0.13,0.00)
[Wed Jul 27 21:26:30 2016] frame 0000006B | user 0: p(27.09,0.00) v(-1.71,0.00) a(-0.13,0.00) -> p(25.38,0.00) v(-1.84,0.00) a(-0.12,0.00)
[Wed Jul 27 21:26:30 2016] frame 0000006C | user 0: p(25.38,0.00) v(-1.84,0.00) a(-0.12,0.00) -> p(23.54,0.00) v(-1.95,0.00) a(-0.10,0.00)
[Wed Jul 27 21:26:30 2016] frame 0000006D | user 0: p(23.54,0.00) v(-1.95,0.00) a(-0.10,0.00) -> p(21.59,0.00) v(-2.00,0.00) a(0.00,0.00)
[Wed Jul 27 21:26:30 2016] frame 0000006D | got server flush, sframe 0000006E
[Wed Jul 27 21:26:30 2016] frame 0000006F | user 0: p(19.59,0.00) v(-2.00,0.00) a(0.00,0.00) -> p(17.59,0.00) v(-2.00,0.00) a(0.00,0.00)
[Wed Jul 27 21:26:30 2016] frame 00000070 | user 0: p(17.59,0.00) v(-2.00,0.00) a(0.00,0.00) -> p(15.59,0.00) v(-2.00,0.00) a(0.00,0.00)
[Wed Jul 27 21:26:30 2016] frame 00000071 | user 0: p(15.59,0.00) v(-2.00,0.00) a(0.00,0.00) -> p(13.59,0.00) v(-2.00,0.00) a(0.00,0.00)
[Wed Jul 27 21:26:30 2016] frame 00000072 | user 0: p(13.59,0.00) v(-2.00,0.00) a(0.00,0.00) -> p(11.59,0.00) v(-2.00,0.00) a(0.00,0.00)
[Wed Jul 27 21:26:30 2016] frame 00000072 | got server flush, sframe 00000073
[Wed Jul 27 21:26:30 2016] frame 00000074 | user 0: p(9.59,0.00) v(-2.00,0.00) a(0.00,0.00) -> p(7.59,0.00) v(-2.00,0.00) a(0.00,0.00)
[Wed Jul 27 21:26:30 2016] frame 00000075 | user 0: p(7.59,0.00) v(-2.00,0.00) a(0.00,0.00) -> p(5.59,0.00) v(-2.00,0.00) a(0.00,0.00)
[Wed Jul 27 21:26:30 2016] frame 00000076 | user 0: p(5.59,0.00) v(-2.00,0.00) a(0.00,0.00) -> p(3.59,0.00) v(-2.00,0.00) a(0.00,0.00)
[Wed Jul 27 21:26:30 2016] frame 00000077 | user 0: p(3.59,0.00) v(-2.00,0.00) a(0.00,0.00) -> p(1.59,0.00) v(-2.00,0.00) a(0.00,0.00)
[Wed Jul 27 21:26:30 2016] frame 00000078 | user 0: p(1.59,0.00) v(-2.00,0.00) a(0.00,0.00) -> p(-0.41,0.00) v(-2.00,0.00) a(0.00,0.00)
[Wed Jul 27 21:26:30 2016] frame 00000078 | client 0 update to server
[Wed Jul 27 21:26:30 2016] frame 00000078 | got server flush, sframe 00000078
[Wed Jul 27 21:26:30 2016] frame 00000079 | user 0: p(-0.41,0.00) v(-2.00,0.00) a(0.00,0.00) -> p(-2.41,0.00) v(-2.00,0.00) a(0.00,0.00)
[Wed Jul 27 21:26:30 2016] frame 0000007A | user 0: p(-2.41,0.00) v(-2.00,0.00) a(0.00,0.00) -> p(-4.41,0.00) v(-2.00,0.00) a(0.00,0.00)
[Wed Jul 27 21:26:30 2016] frame 0000007B | user 0: p(-4.41,0.00) v(-2.00,0.00) a(0.00,0.00) -> p(-6.41,0.00) v(-2.00,0.00) a(0.00,0.00)
[Wed Jul 27 21:26:30 2016] frame 0000007C | user 0: p(-6.41,0.00) v(-2.00,0.00) a(0.00,0.00) -> p(-8.41,0.00) v(-2.00,0.00) a(0.00,0.00)
[Wed Jul 27 21:26:30 2016] frame 0000007D | user 0: p(-8.41,0.00) v(-2.00,0.00) a(0.00,0.00) -> p(-10.41,0.00) v(-2.00,0.00) a(0.00,0.00)
[Wed Jul 27 21:26:30 2016] frame 0000007D | client 0 update to server
[Wed Jul 27 21:26:30 2016] frame 0000007D | got server flush, sframe 0000007D
[Wed Jul 27 21:26:30 2016] frame 0000007E | user 0: p(-10.41,0.00) v(-2.00,0.00) a(0.00,0.00) -> p(-12.41,0.00) v(-2.00,0.00) a(0.00,0.00)
[Wed Jul 27 21:26:30 2016] frame 0000007F | user 0: p(-12.41,0.00) v(-2.00,0.00) a(0.00,0.00) -> p(-14.41,0.00) v(-2.00,0.00) a(0.00,0.00)
[Wed Jul 27 21:26:30 2016] frame 00000080 | user 0: p(-14.41,0.00) v(-2.00,0.00) a(0.00,0.00) -> p(-16.41,0.00) v(-2.00,0.00) a(0.00,0.00)
[Wed Jul 27 21:26:30 2016] frame 00000081 | user 0: p(-16.41,0.00) v(-2.00,0.00) a(0.00,0.30) -> p(-18.41,0.00) v(-2.00,0.30) a(0.00,0.27)
[Wed Jul 27 21:26:30 2016] frame 00000082 | user 0: p(-18.41,0.00) v(-2.00,0.30) a(0.00,0.27) -> p(-20.41,0.30) v(-2.00,0.57) a(0.00,0.24)
[Wed Jul 27 21:26:30 2016] frame 00000082 | client 0 update to server
[Wed Jul 27 21:26:30 2016] frame 00000082 | got server flush, sframe 00000082
[Wed Jul 27 21:26:30 2016] frame 00000083 | user 0: p(-20.41,0.30) v(-2.00,0.57) a(0.00,0.24) -> p(-22.41,0.87) v(-2.00,0.81) a(0.00,0.22)
[Wed Jul 27 21:26:30 2016] frame 00000084 | user 0: p(-22.41,0.87) v(-2.00,0.81) a(0.00,0.22) -> p(-24.41,1.68) v(-2.00,1.03) a(0.00,0.20)
[Wed Jul 27 21:26:30 2016] frame 00000085 | user 0: p(-24.41,1.68) v(-2.00,1.03) a(0.00,0.20) -> p(-26.41,2.71) v(-2.00,1.23) a(0.00,0.18)
[Wed Jul 27 21:26:30 2016] frame 00000086 | user 0: p(-26.41,2.71) v(-2.00,1.23) a(0.00,0.18) -> p(-28.41,3.94) v(-2.00,1.41) a(0.00,0.16)
[Wed Jul 27 21:26:31 2016] frame 00000087 | user 0: p(-28.41,3.94) v(-2.00,1.41) a(0.00,0.16) -> p(-30.41,5.35) v(-2.00,1.57) a(0.00,0.14)
[Wed Jul 27 21:26:31 2016] frame 00000087 | client 0 update to server
[Wed Jul 27 21:26:31 2016] frame 00000087 | got server flush, sframe 00000087
[Wed Jul 27 21:26:31 2016] frame 00000088 | user 0: p(-30.41,5.35) v(-2.00,1.57) a(0.00,0.14) -> p(-32.41,6.91) v(-2.00,1.71) a(0.00,0.13)
[Wed Jul 27 21:26:31 2016] frame 00000089 | user 0: p(-32.41,6.91) v(-2.00,1.71) a(0.00,0.13) -> p(-34.41,8.62) v(-2.00,1.84) a(0.00,0.12)
[Wed Jul 27 21:26:31 2016] frame 0000008A | user 0: p(-34.41,8.62) v(-2.00,1.84) a(0.00,0.12) -> p(-36.41,10.46) v(-2.00,1.95) a(0.00,0.10)
[Wed Jul 27 21:26:31 2016] frame 0000008B | user 0: p(-36.41,10.46) v(-2.00,1.95) a(0.00,0.10) -> p(-38.41,12.41) v(-2.00,2.00) a(0.00,0.00)
[Wed Jul 27 21:26:31 2016] frame 0000008C | user 0: p(-38.41,12.41) v(-2.00,2.00) a(0.00,0.00) -> p(-40.41,14.41) v(-2.00,2.00) a(0.00,0.00)
[Wed Jul 27 21:26:31 2016] frame 0000008C | client 0 update to server
[Wed Jul 27 21:26:31 2016] frame 0000008C | got server flush, sframe 0000008C
[Wed Jul 27 21:26:31 2016] frame 0000008D | user 0: p(-40.41,14.41) v(-2.00,2.00) a(0.00,0.00) -> p(-42.41,16.41) v(-2.00,2.00) a(0.00,0.00)
[Wed Jul 27 21:26:31 2016] frame 0000008E | user 0: p(-42.41,16.41) v(-2.00,2.00) a(0.00,0.00) -> p(-44.41,18.41) v(-2.00,2.00) a(0.00,0.00)
[Wed Jul 27 21:26:31 2016] frame 0000008F | user 0: p(-44.41,18.41) v(-2.00,2.00) a(0.00,0.00) -> p(-46.41,20.41) v(-2.00,2.00) a(0.00,0.00)
[Wed Jul 27 21:26:31 2016] frame 00000090 | user 0: p(-46.41,20.41) v(-2.00,2.00) a(0.00,0.00) -> p(-48.41,22.41) v(-2.00,2.00) a(0.00,0.00)
[Wed Jul 27 21:26:31 2016] frame 00000090 | got server flush, sframe 00000091
[Wed Jul 27 21:26:31 2016] frame 00000092 | user 0: p(-50.41,24.41) v(-2.00,2.00) a(0.00,-0.30) -> p(-52.41,26.41) v(-2.00,1.70) a(0.00,-0.27)
[Wed Jul 27 21:26:31 2016] frame 00000093 | user 0: p(-52.41,26.41) v(-2.00,1.70) a(0.00,-0.27) -> p(-54.41,28.11) v(-2.00,1.43) a(0.00,-0.24)
[Wed Jul 27 21:26:31 2016] frame 00000094 | user 0: p(-54.41,28.11) v(-2.00,1.43) a(0.00,-0.24) -> p(-56.41,29.54) v(-2.00,1.19) a(0.00,-0.22)
[Wed Jul 27 21:26:31 2016] frame 00000095 | user 0: p(-56.41,29.54) v(-2.00,1.19) a(0.00,-0.22) -> p(-58.41,30.73) v(-2.00,0.97) a(0.00,-0.20)
[Wed Jul 27 21:26:31 2016] frame 00000096 | user 0: p(-58.41,30.73) v(-2.00,0.97) a(0.00,-0.20) -> p(-60.41,31.70) v(-2.00,0.77) a(0.00,-0.18)
[Wed Jul 27 21:26:31 2016] frame 00000096 | client 0 update to server
[Wed Jul 27 21:26:31 2016] frame 00000096 | got server flush, sframe 00000096
[Wed Jul 27 21:26:31 2016] frame 00000097 | user 0: p(-60.41,31.70) v(-2.00,0.77) a(0.00,-0.18) -> p(-62.41,32.47) v(-2.00,0.59) a(0.00,-0.16)
[Wed Jul 27 21:26:31 2016] frame 00000098 | user 0: p(-62.41,32.47) v(-2.00,0.59) a(0.00,-0.16) -> p(-64.41,33.07) v(-2.00,0.43) a(0.00,-0.14)
[Wed Jul 27 21:26:31 2016] frame 00000099 | user 0: p(-64.41,33.07) v(-2.00,0.43) a(0.00,-0.14) -> p(-66.41,33.50) v(-2.00,0.29) a(0.00,-0.13)
[Wed Jul 27 21:26:31 2016] frame 0000009A | user 0: p(-66.41,33.50) v(-2.00,0.29) a(0.00,-0.13) -> p(-68.41,33.79) v(-2.00,0.16) a(0.00,-0.12)
[Wed Jul 27 21:26:31 2016] frame 0000009B | user 0: p(-68.41,33.79) v(-2.00,0.16) a(0.00,-0.12) -> p(-70.41,33.95) v(-2.00,0.05) a(0.00,-0.10)
[Wed Jul 27 21:26:31 2016] frame 0000009B | client 0 update to server
[Wed Jul 27 21:26:31 2016] frame 0000009B | got server flush, sframe 0000009B
[Wed Jul 27 21:26:31 2016] frame 0000009C | user 0: p(-70.41,33.95) v(-2.00,0.05) a(0.00,-0.10) -> p(-72.41,34.00) v(-2.00,0.00) a(0.00,0.00)
[Wed Jul 27 21:26:31 2016] frame 0000009D | user 0: p(-72.41,34.00) v(-2.00,0.00) a(0.00,0.00) -> p(-74.41,34.00) v(-2.00,0.00) a(0.00,0.00)
[Wed Jul 27 21:26:31 2016] frame 0000009E | user 0: p(-74.41,34.00) v(-2.00,0.00) a(0.00,0.00) -> p(-76.41,34.00) v(-2.00,0.00) a(0.00,0.00)
[Wed Jul 27 21:26:31 2016] frame 0000009F | user 0: p(-76.41,34.00) v(-2.00,0.00) a(0.00,-0.30) -> p(-78.41,34.00) v(-2.00,-0.30) a(0.00,-0.27)
[Wed Jul 27 21:26:31 2016] frame 000000A0 | user 0: p(-78.41,34.00) v(-2.00,-0.30) a(0.00,-0.27) -> p(-80.41,33.70) v(-2.00,-0.57) a(0.00,-0.24)
[Wed Jul 27 21:26:31 2016] frame 000000A0 | client 0 update to server
[Wed Jul 27 21:26:31 2016] frame 000000A0 | got server flush, sframe 000000A0
[Wed Jul 27 21:26:31 2016] frame 000000A1 | user 0: p(-80.41,33.70) v(-2.00,-0.57) a(0.00,-0.24) -> p(-82.41,33.13) v(-2.00,-0.81) a(0.00,-0.22)
[Wed Jul 27 21:26:31 2016] frame 000000A2 | user 0: p(-82.41,33.13) v(-2.00,-0.81) a(0.00,-0.22) -> p(-84.41,32.32) v(-2.00,-1.03) a(0.00,-0.20)
[Wed Jul 27 21:26:31 2016] frame 000000A3 | user 0: p(-84.41,32.32) v(-2.00,-1.03) a(0.00,-0.20) -> p(-86.41,31.29) v(-2.00,-1.23) a(0.00,-0.18)
[Wed Jul 27 21:26:31 2016] frame 000000A4 | user 0: p(-86.41,31.29) v(-2.00,-1.23) a(0.00,-0.18) -> p(-88.41,30.06) v(-2.00,-1.41) a(0.00,-0.16)
[Wed Jul 27 21:26:32 2016] frame 000000A5 | user 0: p(-88.41,30.06) v(-2.00,-1.41) a(0.00,-0.16) -> p(-90.41,28.65) v(-2.00,-1.57) a(0.00,-0.14)
[Wed Jul 27 21:26:32 2016] frame 000000A5 | client 0 update to server
[Wed Jul 27 21:26:32 2016] frame 000000A5 | got server flush, sframe 000000A5
[Wed Jul 27 21:26:32 2016] frame 000000A6 | user 0: p(-90.41,28.65) v(-2.00,-1.57) a(0.00,-0.14) -> p(-92.41,27.09) v(-2.00,-1.71) a(0.00,-0.13)
[Wed Jul 27 21:26:32 2016] frame 000000A7 | user 0: p(-92.41,27.09) v(-2.00,-1.71) a(0.00,-0.13) -> p(-94.41,25.38) v(-2.00,-1.84) a(0.00,-0.12)
[Wed Jul 27 21:26:32 2016] frame 000000A8 | user 0: p(-94.41,25.38) v(-2.00,-1.84) a(0.00,-0.12) -> p(-96.41,23.54) v(-2.00,-1.95) a(0.00,-0.10)
[Wed Jul 27 21:26:32 2016] frame 000000A9 | user 0: p(-96.41,23.54) v(-2.00,-1.95) a(0.00,-0.10) -> p(-98.41,21.59) v(-2.00,-2.00) a(0.00,0.00)
[Wed Jul 27 21:26:32 2016] frame 000000AA | user 0: p(-98.41,21.59) v(-2.00,-2.00) a(0.30,0.00) -> p(-100.41,19.59) v(-1.70,-2.00) a(0.27,0.00)
[Wed Jul 27 21:26:32 2016] frame 000000AA | client 0 update to server
[Wed Jul 27 21:26:32 2016] frame 000000AA | got server flush, sframe 000000AA
[Wed Jul 27 21:26:32 2016] frame 000000AB | user 0: p(-100.41,19.59) v(-1.70,-2.00) a(0.27,0.00) -> p(-102.11,17.59) v(-1.43,-2.00) a(0.24,0.00)
[Wed Jul 27 21:26:32 2016] frame 000000AC | user 0: p(-102.11,17.59) v(-1.43,-2.00) a(0.24,0.00) -> p(-103.54,15.59) v(-1.19,-2.00) a(0.22,0.00)
[Wed Jul 27 21:26:32 2016] frame 000000AD | user 0: p(-103.54,15.59) v(-1.19,-2.00) a(0.22,0.00) -> p(-104.73,13.59) v(-0.97,-2.00) a(0.20,0.00)
[Wed Jul 27 21:26:32 2016] frame 000000AE | user 0: p(-104.73,13.59) v(-0.97,-2.00) a(0.20,0.00) -> p(-105.70,11.59) v(-0.77,-2.00) a(0.18,0.00)
[Wed Jul 27 21:26:32 2016] frame 000000AF | user 0: p(-105.70,11.59) v(-0.77,-2.00) a(0.18,0.00) -> p(-106.47,9.59) v(-0.59,-2.00) a(0.16,0.00)
[Wed Jul 27 21:26:32 2016] frame 000000AF | client 0 update to server
[Wed Jul 27 21:26:32 2016] frame 000000AF | got server flush, sframe 000000AF
[Wed Jul 27 21:26:32 2016] frame 000000B0 | user 0: p(-106.47,9.59) v(-0.59,-2.00) a(0.16,0.00) -> p(-107.07,7.59) v(-0.43,-2.00) a(0.14,0.00)
[Wed Jul 27 21:26:32 2016] frame 000000B1 | user 0: p(-107.07,7.59) v(-0.43,-2.00) a(0.14,0.00) -> p(-107.50,5.59) v(-0.29,-2.00) a(0.13,0.00)
[Wed Jul 27 21:26:32 2016] frame 000000B2 | user 0: p(-107.50,5.59) v(-0.29,-2.00) a(0.13,0.00) -> p(-107.79,3.59) v(-0.16,-2.00) a(0.12,0.00)
[Wed Jul 27 21:26:32 2016] frame 000000B3 | user 0: p(-107.79,3.59) v(-0.16,-2.00) a(0.12,0.00) -> p(-107.95,1.59) v(-0.05,-2.00) a(0.10,0.00)
[Wed Jul 27 21:26:32 2016] frame 000000B4 | user 0: p(-107.95,1.59) v(-0.05,-2.00) a(0.10,0.00) -> p(-108.00,-0.41) v(0.00,-2.00) a(0.00,0.00)
[Wed Jul 27 21:26:32 2016] frame 000000B4 | client 0 update to server
[Wed Jul 27 21:26:32 2016] frame 000000B4 | got server flush, sframe 000000B4
[Wed Jul 27 21:26:32 2016] frame 000000B5 | user 0: p(-108.00,-0.41) v(0.00,-2.00) a(0.30,0.00) -> p(-108.00,-2.41) v(0.30,-2.00) a(0.27,0.00)
[Wed Jul 27 21:26:32 2016] frame 000000B6 | user 0: p(-108.00,-2.41) v(0.30,-2.00) a(0.27,0.00) -> p(-107.70,-4.41) v(0.57,-2.00) a(0.24,0.00)
[Wed Jul 27 21:26:32 2016] frame 000000B7 | user 0: p(-107.70,-4.41) v(0.57,-2.00) a(0.24,0.00) -> p(-107.13,-6.41) v(0.81,-2.00) a(0.22,0.00)
[Wed Jul 27 21:26:32 2016] frame 000000B8 | user 0: p(-107.13,-6.41) v(0.81,-2.00) a(0.22,0.00) -> p(-106.32,-8.41) v(1.03,-2.00) a(0.20,0.00)
[Wed Jul 27 21:26:32 2016] frame 000000B9 | user 0: p(-106.32,-8.41) v(1.03,-2.00) a(0.20,0.00) -> p(-105.29,-10.41) v(1.23,-2.00) a(0.18,0.00)
[Wed Jul 27 21:26:32 2016] frame 000000B9 | client 0 update to server
[Wed Jul 27 21:26:32 2016] frame 000000B9 | got server flush, sframe 000000B9
[Wed Jul 27 21:26:32 2016] frame 000000BA | user 0: p(-105.29,-10.41) v(1.23,-2.00) a(0.18,0.00) -> p(-104.06,-12.41) v(1.41,-2.00) a(0.16,0.00)
[Wed Jul 27 21:26:32 2016] frame 000000BB | user 0: p(-104.06,-12.41) v(1.41,-2.00) a(0.16,0.00) -> p(-102.65,-14.41) v(1.57,-2.00) a(0.14,0.00)
[Wed Jul 27 21:26:32 2016] frame 000000BC | user 0: p(-102.65,-14.41) v(1.57,-2.00) a(0.14,0.00) -> p(-101.09,-16.41) v(1.71,-2.00) a(0.13,0.00)
[Wed Jul 27 21:26:32 2016] frame 000000BD | user 0: p(-101.09,-16.41) v(1.71,-2.00) a(0.13,0.00) -> p(-99.38,-18.41) v(1.84,-2.00) a(0.12,0.00)
[Wed Jul 27 21:26:32 2016] frame 000000BE | user 0: p(-99.38,-18.41) v(1.84,-2.00) a(0.12,0.00) -> p(-97.54,-20.41) v(1.95,-2.00) a(0.10,0.00)
[Wed Jul 27 21:26:32 2016] frame 000000BE | client 0 update to server
[Wed Jul 27 21:26:32 2016] frame 000000BE | got server flush, sframe 000000BE
[Wed Jul 27 21:26:32 2016] frame 000000BF | user 0: p(-97.54,-20.41) v(1.95,-2.00) a(0.10,0.00) -> p(-95.59,-22.41) v(2.00,-2.00) a(0.00,0.00)
[Wed Jul 27 21:26:32 2016] frame 000000C0 | user 0: p(-95.59,-22.41) v(2.00,-2.00) a(0.00,0.00) -> p(-93.59,-24.41) v(2.00,-2.00) a(0.00,0.00)
[Wed Jul 27 21:26:32 2016] frame 000000C1 | user 0: p(-93.59,-24.41) v(2.00,-2.00) a(0.00,0.00) -> p(-91.59,-26.41) v(2.00,-2.00) a(0.00,0.00)
[Wed Jul 27 21:26:32 2016] frame 000000C2 | user 0: p(-91.59,-26.41) v(2.00,-2.00) a(0.00,0.30) -> p(-89.59,-28.41) v(2.00,-1.70) a(0.00,0.27)
[Wed Jul 27 21:26:33 2016] frame 000000C3 | user 0: p(-89.59,-28.41) v(2.00,-1.70) a(0.00,0.27) -> p(-87.59,-30.11) v(2.00,-1.43) a(0.00,0.24)
[Wed Jul 27 21:26:33 2016] frame 000000C3 | client 0 update to server
[Wed Jul 27 21:26:33 2016] frame 000000C3 | got server flush, sframe 000000C3
[Wed Jul 27 21:26:33 2016] frame 000000C4 | user 0: p(-87.59,-30.11) v(2.00,-1.43) a(0.00,0.24) -> p(-85.59,-31.54) v(2.00,-1.19) a(0.00,0.22)
[Wed Jul 27 21:26:33 2016] frame 000000C5 | user 0: p(-85.59,-31.54) v(2.00,-1.19) a(0.00,0.22) -> p(-83.59,-32.73) v(2.00,-0.97) a(0.00,0.20)
[Wed Jul 27 21:26:33 2016] frame 000000C6 | user 0: p(-83.59,-32.73) v(2.00,-0.97) a(0.00,0.20) -> p(-81.59,-33.70) v(2.00,-0.77) a(0.00,0.18)
[Wed Jul 27 21:26:33 2016] frame 000000C7 | user 0: p(-81.59,-33.70) v(2.00,-0.77) a(0.00,0.18) -> p(-79.59,-34.47) v(2.00,-0.59) a(0.00,0.16)
[Wed Jul 27 21:26:33 2016] frame 000000C8 | user 0: p(-79.59,-34.47) v(2.00,-0.59) a(0.00,0.16) -> p(-77.59,-35.07) v(2.00,-0.43) a(0.00,0.14)
[Wed Jul 27 21:26:33 2016] frame 000000C8 | client 0 update to server
[Wed Jul 27 21:26:33 2016] frame 000000C8 | got server flush, sframe 000000C8
[Wed Jul 27 21:26:33 2016] frame 000000C9 | user 0: p(-77.59,-35.07) v(2.00,-0.43) a(0.00,0.14) -> p(-75.59,-35.50) v(2.00,-0.29) a(0.00,0.13)
[Wed Jul 27 21:26:33 2016] frame 000000CA | user 0: p(-75.59,-35.50) v(2.00,-0.29) a(0.00,0.13) -> p(-73.59,-35.79) v(2.00,-0.16) a(0.00,0.12)
[Wed Jul 27 21:26:33 2016] frame 000000CB | user 0: p(-73.59,-35.79) v(2.00,-0.16) a(0.00,0.12) -> p(-71.59,-35.95) v(2.00,-0.05) a(0.00,0.10)
[Wed Jul 27 21:26:33 2016] frame 000000CC | user 0: p(-71.59,-35.95) v(2.00,-0.05) a(0.00,0.10) -> p(-69.59,-36.00) v(2.00,0.00) a(0.00,0.00)
[Wed Jul 27 21:26:33 2016] frame 000000CD | user 0: p(-69.59,-36.00) v(2.00,0.00) a(0.00,0.00) -> p(-67.59,-36.00) v(2.00,0.00) a(0.00,0.00)
[Wed Jul 27 21:26:33 2016] frame 000000CD | client 0 update to server
[Wed Jul 27 21:26:33 2016] frame 000000CD | got server flush, sframe 000000CD
[Wed Jul 27 21:26:33 2016] frame 000000CE | user 0: p(-67.59,-36.00) v(2.00,0.00) a(0.00,0.00) -> p(-65.59,-36.00) v(2.00,0.00) a(0.00,0.00)
[Wed Jul 27 21:26:33 2016] frame 000000CF | user 0: p(-65.59,-36.00) v(2.00,0.00) a(0.00,0.00) -> p(-63.59,-36.00) v(2.00,0.00) a(0.00,0.00)
[Wed Jul 27 21:26:33 2016] frame 000000D0 | user 0: p(-63.59,-36.00) v(2.00,0.00) a(0.00,0.30) -> p(-61.59,-36.00) v(2.00,0.30) a(0.00,0.27)
[Wed Jul 27 21:26:33 2016] frame 000000D1 | user 0: p(-61.59,-36.00) v(2.00,0.30) a(0.00,0.27) -> p(-59.59,-35.70) v(2.00,0.57) a(0.00,0.24)
[Wed Jul 27 21:26:33 2016] frame 000000D2 | user 0: p(-59.59,-35.70) v(2.00,0.57) a(0.00,0.24) -> p(-57.59,-35.13) v(2.00,0.81) a(0.00,0.22)
[Wed Jul 27 21:26:33 2016] frame 000000D2 | client 0 update to server
[Wed Jul 27 21:26:33 2016] frame 000000D2 | got server flush, sframe 000000D2
[Wed Jul 27 21:26:33 2016] frame 000000D3 | user 0: p(-57.59,-35.13) v(2.00,0.81) a(0.00,0.22) -> p(-55.59,-34.32) v(2.00,1.03) a(0.00,0.20)
[Wed Jul 27 21:26:33 2016] frame 000000D4 | user 0: p(-55.59,-34.32) v(2.00,1.03) a(0.00,0.20) -> p(-53.59,-33.29) v(2.00,1.23) a(0.00,0.18)
[Wed Jul 27 21:26:33 2016] frame 000000D5 | user 0: p(-53.59,-33.29) v(2.00,1.23) a(0.00,0.18) -> p(-51.59,-32.06) v(2.00,1.41) a(0.00,0.16)
[Wed Jul 27 21:26:33 2016] frame 000000D6 | user 0: p(-51.59,-32.06) v(2.00,1.41) a(0.00,0.16) -> p(-49.59,-30.65) v(2.00,1.57) a(0.00,0.14)
[Wed Jul 27 21:26:33 2016] frame 000000D7 | user 0: p(-49.59,-30.65) v(2.00,1.57) a(0.00,0.14) -> p(-47.59,-29.09) v(2.00,1.71) a(0.00,0.13)
[Wed Jul 27 21:26:33 2016] frame 000000D7 | client 0 update to server
[Wed Jul 27 21:26:33 2016] frame 000000D7 | got server flush, sframe 000000D7
[Wed Jul 27 21:26:33 2016] frame 000000D8 | user 0: p(-47.59,-29.09) v(2.00,1.71) a(0.00,0.13) -> p(-45.59,-27.38) v(2.00,1.84) a(0.00,0.12)
[Wed Jul 27 21:26:33 2016] frame 000000D9 | user 0: p(-45.59,-27.38) v(2.00,1.84) a(0.00,0.12) -> p(-43.59,-25.54) v(2.00,1.95) a(0.00,0.10)
[Wed Jul 27 21:26:33 2016] frame 000000DA | user 0: p(-43.59,-25.54) v(2.00,1.95) a(0.00,0.10) -> p(-41.59,-23.59) v(2.00,2.00) a(0.00,0.00)
[Wed Jul 27 21:26:33 2016] frame 000000DB | user 0: p(-41.59,-23.59) v(2.00,2.00) a(0.00,0.00) -> p(-39.59,-21.59) v(2.00,2.00) a(0.00,0.00)
[Wed Jul 27 21:26:33 2016] frame 000000DB | got server flush, sframe 000000DC
[Wed Jul 27 21:26:33 2016] frame 000000DD | user 0: p(-37.59,-19.59) v(2.00,2.00) a(0.00,0.00) -> p(-35.59,-17.59) v(2.00,2.00) a(0.00,0.00)
[Wed Jul 27 21:26:33 2016] frame 000000DE | user 0: p(-35.59,-17.59) v(2.00,2.00) a(0.00,-0.30) -> p(-33.59,-15.59) v(2.00,1.70) a(0.00,-0.27)
[Wed Jul 27 21:26:33 2016] frame 000000DF | user 0: p(-33.59,-15.59) v(2.00,1.70) a(0.00,-0.27) -> p(-31.59,-13.89) v(2.00,1.43) a(0.00,-0.24)
[Wed Jul 27 21:26:33 2016] frame 000000E0 | user 0: p(-31.59,-13.89) v(2.00,1.43) a(0.00,-0.24) -> p(-29.59,-12.46) v(2.00,1.19) a(0.00,-0.22)
[Wed Jul 27 21:26:34 2016] frame 000000E0 | got server flush, sframe 000000E1
[Wed Jul 27 21:26:34 2016] frame 000000E2 | user 0: p(-27.59,-11.27) v(2.00,0.97) a(0.00,-0.20) -> p(-25.59,-10.30) v(2.00,0.77) a(0.00,-0.18)
[Wed Jul 27 21:26:34 2016] frame 000000E3 | user 0: p(-25.59,-10.30) v(2.00,0.77) a(0.00,-0.18) -> p(-23.59,-9.53) v(2.00,0.59) a(0.00,-0.16)
[Wed Jul 27 21:26:34 2016] frame 000000E4 | user 0: p(-23.59,-9.53) v(2.00,0.59) a(0.00,-0.16) -> p(-21.59,-8.93) v(2.00,0.43) a(0.00,-0.14)
[Wed Jul 27 21:26:34 2016] frame 000000E5 | user 0: p(-21.59,-8.93) v(2.00,0.43) a(0.00,-0.14) -> p(-19.59,-8.50) v(2.00,0.29) a(0.00,-0.13)
[Wed Jul 27 21:26:34 2016] frame 000000E5 | got server flush, sframe 000000E6
[Wed Jul 27 21:26:34 2016] frame 000000E7 | user 0: p(-17.59,-8.21) v(2.00,0.16) a(0.00,-0.12) -> p(-15.59,-8.05) v(2.00,0.05) a(0.00,-0.10)
[Wed Jul 27 21:26:34 2016] frame 000000E8 | user 0: p(-15.59,-8.05) v(2.00,0.05) a(0.00,-0.10) -> p(-13.59,-8.00) v(2.00,0.00) a(0.00,0.00)
[Wed Jul 27 21:26:34 2016] frame 000000E9 | user 0: p(-13.59,-8.00) v(2.00,0.00) a(0.00,0.00) -> p(-11.59,-8.00) v(2.00,0.00) a(0.00,0.00)
[Wed Jul 27 21:26:34 2016] frame 000000EA | user 0: p(-11.59,-8.00) v(2.00,0.00) a(0.00,0.00) -> p(-9.59,-8.00) v(2.00,0.00) a(0.00,0.00)
[Wed Jul 27 21:26:34 2016] frame 000000EA | got server flush, sframe 000000EB
[Wed Jul 27 21:26:34 2016] frame 000000EC | user 0: p(-7.59,-8.00) v(2.00,0.00) a(0.00,0.00) -> p(-5.59,-8.00) v(2.00,0.00) a(0.00,0.00)
[Wed Jul 27 21:26:34 2016] frame 000000ED | user 0: p(-5.59,-8.00) v(2.00,0.00) a(0.00,0.00) -> p(-3.59,-8.00) v(2.00,0.00) a(0.00,0.00)
[Wed Jul 27 21:26:34 2016] frame 000000EE | user 0: p(-3.59,-8.00) v(2.00,0.00) a(0.00,0.00) -> p(-1.59,-8.00) v(2.00,0.00) a(0.00,0.00)
[Wed Jul 27 21:26:34 2016] frame 000000EF | user 0: p(-1.59,-8.00) v(2.00,0.00) a(0.00,0.00) -> p(0.41,-8.00) v(2.00,0.00) a(0.00,0.00)
[Wed Jul 27 21:26:34 2016] frame 000000F0 | user 0: p(0.41,-8.00) v(2.00,0.00) a(0.00,0.00) -> p(2.41,-8.00) v(2.00,0.00) a(0.00,0.00)
[Wed Jul 27 21:26:34 2016] frame 000000F0 | client 0 update to server
[Wed Jul 27 21:26:34 2016] frame 000000F0 | got server flush, sframe 000000F0
[Wed Jul 27 21:26:34 2016] frame 000000F1 | user 0: p(2.41,-8.00) v(2.00,0.00) a(0.00,0.00) -> p(4.41,-8.00) v(2.00,0.00) a(0.00,0.00)
[Wed Jul 27 21:26:34 2016] frame 000000F2 | user 0: p(4.41,-8.00) v(2.00,0.00) a(0.00,0.00) -> p(6.41,-8.00) v(2.00,0.00) a(0.00,0.00)
[Wed Jul 27 21:26:34 2016] frame 000000F3 | user 0: p(6.41,-8.00) v(2.00,0.00) a(0.00,0.00) -> p(8.41,-8.00) v(2.00,0.00) a(0.00,0.00)
[Wed Jul 27 21:26:34 2016] frame 000000F4 | user 0: p(8.41,-8.00) v(2.00,0.00) a(0.00,0.00) -> p(10.41,-8.00) v(2.00,0.00) a(0.00,0.00)
[Wed Jul 27 21:26:34 2016] frame 000000F4 | got server flush, sframe 000000F5
[Wed Jul 27 21:26:34 2016] frame 000000F6 | user 0: p(12.41,-8.00) v(2.00,0.00) a(0.00,0.00) -> p(14.41,-8.00) v(2.00,0.00) a(0.00,0.00)
[Wed Jul 27 21:26:34 2016] frame 000000F7 | user 0: p(14.41,-8.00) v(2.00,0.00) a(0.00,0.00) -> p(16.41,-8.00) v(2.00,0.00) a(0.00,0.00)
[Wed Jul 27 21:26:34 2016] frame 000000F8 | user 0: p(16.41,-8.00) v(2.00,0.00) a(0.00,0.00) -> p(18.41,-8.00) v(2.00,0.00) a(0.00,0.00)
[Wed Jul 27 21:26:34 2016] frame 000000F9 | user 0: p(18.41,-8.00) v(2.00,0.00) a(0.00,0.00) -> p(20.41,-8.00) v(2.00,0.00) a(0.00,0.00)
[Wed Jul 27 21:26:34 2016] frame 000000F9 | got server flush, sframe 000000FA
[Wed Jul 27 21:26:34 2016] frame 000000FB | user 0: p(22.41,-8.00) v(2.00,0.00) a(0.00,0.00) -> p(24.41,-8.00) v(2.00,0.00) a(0.00,0.00)
[Wed Jul 27 21:26:34 2016] frame 000000FC | user 0: p(24.41,-8.00) v(2.00,0.00) a(0.00,0.00) -> p(26.41,-8.00) v(2.00,0.00) a(0.00,0.00)
[Wed Jul 27 21:26:34 2016] frame 000000FD | user 0: p(26.41,-8.00) v(2.00,0.00) a(0.00,0.00) -> p(28.41,-8.00) v(2.00,0.00) a(0.00,0.00)
[Wed Jul 27 21:26:34 2016] frame 000000FE | user 0: p(28.41,-8.00) v(2.00,0.00) a(0.00,0.00) -> p(30.41,-8.00) v(2.00,0.00) a(0.00,0.00)
[Wed Jul 27 21:26:35 2016] frame 000000FE | got server flush, sframe 000000FF
[Wed Jul 27 21:26:35 2016] frame 00000100 | user 0: p(32.41,-8.00) v(2.00,0.00) a(0.00,0.00) -> p(34.41,-8.00) v(2.00,0.00) a(0.00,0.00)
[Wed Jul 27 21:26:35 2016] frame 00000101 | user 0: p(34.41,-8.00) v(2.00,0.00) a(0.00,0.00) -> p(36.41,-8.00) v(2.00,0.00) a(0.00,0.00)
[Wed Jul 27 21:26:35 2016] frame 00000102 | user 0: p(36.41,-8.00) v(2.00,0.00) a(0.00,0.00) -> p(38.41,-8.00) v(2.00,0.00) a(0.00,0.00)
[Wed Jul 27 21:26:35 2016] frame 00000103 | user 0: p(38.41,-8.00) v(2.00,0.00) a(0.00,0.00) -> p(40.41,-8.00) v(2.00,0.00) a(0.00,0.00)
[Wed Jul 27 21:26:35 2016] frame 00000103 | got server flush, sframe 00000104
[Wed Jul 27 21:26:35 2016] frame 00000105 | user 0: p(42.41,-8.00) v(2.00,0.00) a(0.00,0.00) -> p(44.41,-8.00) v(2.00,0.00) a(0.00,0.00)
[Wed Jul 27 21:26:35 2016] frame 00000106 | user 0: p(44.41,-8.00) v(2.00,0.00) a(0.00,0.00) -> p(46.41,-8.00) v(2.00,0.00) a(0.00,0.00)
[Wed Jul 27 21:26:35 2016] frame 00000107 | user 0: p(46.41,-8.00) v(2.00,0.00) a(0.00,-0.30) -> p(48.41,-8.00) v(2.00,-0.30) a(0.00,-0.27)
[Wed Jul 27 21:26:35 2016] frame 00000108 | user 0: p(48.41,-8.00) v(2.00,-0.30) a(0.00,-0.27) -> p(50.41,-8.30) v(2.00,-0.57) a(0.00,-0.24)
[Wed Jul 27 21:26:35 2016] frame 00000108 | got server flush, sframe 00000109
[Wed Jul 27 21:26:35 2016] frame 0000010A | user 0: p(52.41,-8.87) v(2.00,-0.81) a(0.00,-0.22) -> p(54.41,-9.68) v(2.00,-1.03) a(0.00,-0.20)
[Wed Jul 27 21:26:35 2016] frame 0000010B | user 0: p(54.41,-9.68) v(2.00,-1.03) a(0.00,-0.20) -> p(56.41,-10.71) v(2.00,-1.23) a(0.00,-0.18)
[Wed Jul 27 21:26:35 2016] frame 0000010C | user 0: p(56.41,-10.71) v(2.00,-1.23) a(0.00,-0.18) -> p(58.41,-11.94) v(2.00,-1.41) a(0.00,-0.16)
[Wed Jul 27 21:26:35 2016] frame 0000010D | user 0: p(58.41,-11.94) v(2.00,-1.41) a(0.00,-0.16) -> p(60.41,-13.35) v(2.00,-1.57) a(0.00,-0.14)
[Wed Jul 27 21:26:35 2016] frame 0000010D | got server flush, sframe 0000010E
[Wed Jul 27 21:26:35 2016] frame 0000010F | user 0: p(62.41,-14.91) v(2.00,-1.71) a(0.00,-0.13) -> p(64.41,-16.62) v(2.00,-1.84) a(0.00,-0.12)
[Wed Jul 27 21:26:35 2016] frame 00000110 | user 0: p(64.41,-16.62) v(2.00,-1.84) a(0.00,-0.12) -> p(66.41,-18.46) v(2.00,-1.95) a(0.00,-0.10)
[Wed Jul 27 21:26:35 2016] frame 00000111 | user 0: p(66.41,-18.46) v(2.00,-1.95) a(0.00,-0.10) -> p(68.41,-20.41) v(2.00,-2.00) a(0.00,0.00)
[Wed Jul 27 21:26:35 2016] frame 00000112 | user 0: p(68.41,-20.41) v(2.00,-2.00) a(0.00,0.00) -> p(70.41,-22.41) v(2.00,-2.00) a(0.00,0.00)
[Wed Jul 27 21:26:35 2016] frame 00000112 | got server flush, sframe 00000113
[Wed Jul 27 21:26:35 2016] frame 00000114 | user 0: p(72.41,-24.41) v(2.00,-2.00) a(0.00,0.00) -> p(74.41,-26.41) v(2.00,-2.00) a(0.00,0.00)
[Wed Jul 27 21:26:35 2016] frame 00000115 | user 0: p(74.41,-26.41) v(2.00,-2.00) a(0.00,0.00) -> p(76.41,-28.41) v(2.00,-2.00) a(0.00,0.00)
[Wed Jul 27 21:26:35 2016] frame 00000116 | user 0: p(76.41,-28.41) v(2.00,-2.00) a(0.00,0.00) -> p(78.41,-30.41) v(2.00,-2.00) a(0.00,0.00)
[Wed Jul 27 21:26:35 2016] frame 00000117 | user 0: p(78.41,-30.41) v(2.00,-2.00) a(0.00,0.00) -> p(80.41,-32.41) v(2.00,-2.00) a(0.00,0.00)
[Wed Jul 27 21:26:35 2016] frame 00000117 | got server flush, sframe 00000118
[Wed Jul 27 21:26:35 2016] frame 00000119 | user 0: p(82.41,-34.41) v(2.00,-2.00) a(0.00,0.00) -> p(84.41,-36.41) v(2.00,-2.00) a(0.00,0.00)
[Wed Jul 27 21:26:35 2016] frame 0000011A | user 0: p(84.41,-36.41) v(2.00,-2.00) a(0.00,0.00) -> p(86.41,-38.41) v(2.00,-2.00) a(0.00,0.00)
[Wed Jul 27 21:26:35 2016] frame 0000011B | user 0: p(86.41,-38.41) v(2.00,-2.00) a(0.00,0.00) -> p(88.41,-40.41) v(2.00,-2.00) a(0.00,0.00)
[Wed Jul 27 21:26:35 2016] frame 0000011C | user 0: p(88.41,-40.41) v(2.00,-2.00) a(0.00,0.00) -> p(90.41,-42.41) v(2.00,-2.00) a(0.00,0.00)
[Wed Jul 27 21:26:36 2016] frame 0000011C | got server flush, sframe 0000011D
[Wed Jul 27 21:26:36 2016] frame 0000011E | user 0: p(92.41,-44.41) v(2.00,-2.00) a(0.00,0.00) -> p(94.41,-46.41) v(2.00,-2.00) a(0.00,0.00)
[Wed Jul 27 21:26:36 2016] frame 0000011F | user 0: p(94.41,-46.41) v(2.00,-2.00) a(0.00,0.00) -> p(96.41,-48.41) v(2.00,-2.00) a(0.00,0.00)
[Wed Jul 27 21:26:36 2016] frame 00000120 | user 0: p(96.41,-48.41) v(2.00,-2.00) a(0.00,0.00) -> p(98.41,-50.41) v(2.00,-2.00) a(0.00,0.00)
[Wed Jul 27 21:26:36 2016] frame 00000121 | user 0: p(98.41,-50.41) v(2.00,-2.00) a(0.00,0.00) -> p(100.41,-52.41) v(2.00,-2.00) a(0.00,0.00)
[Wed Jul 27 21:26:36 2016] frame 00000121 | got server flush, sframe 00000122
[Wed Jul 27 21:26:36 2016] frame 00000123 | user 0: p(102.41,-54.41) v(2.00,-2.00) a(0.00,0.00) -> p(104.41,-56.41) v(2.00,-2.00) a(0.00,0.00)
[Wed Jul 27 21:26:36 2016] frame 00000124 | user 0: p(104.41,-56.41) v(2.00,-2.00) a(0.00,0.00) -> p(106.41,-58.41) v(2.00,-2.00) a(0.00,0.00)
[Wed Jul 27 21:26:36 2016] frame 00000125 | user 0: p(106.41,-58.41) v(2.00,-2.00) a(0.00,0.30) -> p(108.41,-60.41) v(2.00,-1.70) a(0.00,0.27)
[Wed Jul 27 21:26:36 2016] frame 00000126 | user 0: p(108.41,-60.41) v(2.00,-1.70) a(0.00,0.27) -> p(110.41,-62.11) v(2.00,-1.43) a(0.00,0.24)
[Wed Jul 27 21:26:36 2016] frame 00000126 | got server flush, sframe 00000127
[Wed Jul 27 21:26:36 2016] frame 00000128 | user 0: p(112.41,-63.54) v(2.00,-1.19) a(0.00,0.22) -> p(114.41,-64.73) v(2.00,-0.97) a(0.00,0.20)
[Wed Jul 27 21:26:36 2016] frame 00000129 | user 0: p(114.41,-64.73) v(2.00,-0.97) a(0.00,0.20) -> p(116.41,-65.70) v(2.00,-0.77) a(0.00,0.18)
[Wed Jul 27 21:26:36 2016] frame 0000012A | user 0: p(116.41,-65.70) v(2.00,-0.77) a(0.00,0.18) -> p(118.41,-66.47) v(2.00,-0.59) a(0.00,0.16)
[Wed Jul 27 21:26:36 2016] frame 0000012B | user 0: p(118.41,-66.47) v(2.00,-0.59) a(0.00,0.16) -> p(120.41,-67.07) v(2.00,-0.43) a(0.00,0.14)
[Wed Jul 27 21:26:36 2016] frame 0000012B | got server flush, sframe 0000012C
[Wed Jul 27 21:26:36 2016] frame 0000012D | user 0: p(122.41,-67.50) v(2.00,-0.29) a(0.00,0.13) -> p(124.41,-67.79) v(2.00,-0.16) a(0.00,0.12)
[Wed Jul 27 21:26:36 2016] frame 0000012E | user 0: p(124.41,-67.79) v(2.00,-0.16) a(0.00,0.12) -> p(126.41,-67.95) v(2.00,-0.05) a(0.00,0.10)
[Wed Jul 27 21:26:36 2016] frame 0000012F | user 0: p(126.41,-67.95) v(2.00,-0.05) a(0.00,0.10) -> p(128.41,-68.00) v(2.00,0.00) a(0.00,0.00)
[Wed Jul 27 21:26:36 2016] frame 00000130 | user 0: p(128.41,-68.00) v(2.00,0.00) a(0.00,0.00) -> p(130.41,-68.00) v(2.00,0.00) a(0.00,0.00)
[Wed Jul 27 21:26:36 2016] frame 00000130 | got server flush, sframe 00000131
[Wed Jul 27 21:26:36 2016] frame 00000132 | user 0: p(132.41,-68.00) v(2.00,0.00) a(-0.30,0.00) -> p(134.41,-68.00) v(1.70,0.00) a(-0.27,0.00)
[Wed Jul 27 21:26:36 2016] frame 00000133 | user 0: p(134.41,-68.00) v(1.70,0.00) a(-0.27,0.00) -> p(136.11,-68.00) v(1.43,0.00) a(-0.24,0.00)
[Wed Jul 27 21:26:36 2016] frame 00000134 | user 0: p(136.11,-68.00) v(1.43,0.00) a(-0.24,0.00) -> p(137.54,-68.00) v(1.19,0.00) a(-0.22,0.00)
[Wed Jul 27 21:26:36 2016] frame 00000135 | user 0: p(137.54,-68.00) v(1.19,0.00) a(-0.22,0.00) -> p(138.73,-68.00) v(0.97,0.00) a(-0.20,0.00)
[Wed Jul 27 21:26:36 2016] frame 00000136 | user 0: p(138.73,-68.00) v(0.97,0.00) a(-0.20,0.00) -> p(139.70,-68.00) v(0.77,0.00) a(-0.18,0.00)
[Wed Jul 27 21:26:36 2016] frame 00000136 | client 0 update to server
[Wed Jul 27 21:26:36 2016] frame 00000136 | got server flush, sframe 00000136
[Wed Jul 27 21:26:36 2016] frame 00000137 | user 0: p(139.70,-68.00) v(0.77,0.00) a(-0.18,0.00) -> p(140.47,-68.00) v(0.59,0.00) a(-0.16,0.00)
[Wed Jul 27 21:26:36 2016] frame 00000138 | user 0: p(140.47,-68.00) v(0.59,0.00) a(-0.16,0.00) -> p(141.07,-68.00) v(0.43,0.00) a(-0.14,0.00)
[Wed Jul 27 21:26:36 2016] frame 00000139 | user 0: p(141.07,-68.00) v(0.43,0.00) a(-0.14,0.00) -> p(141.50,-68.00) v(0.29,0.00) a(-0.13,0.00)
[Wed Jul 27 21:26:36 2016] frame 0000013A | user 0: p(141.50,-68.00) v(0.29,0.00) a(-0.13,0.00) -> p(141.79,-68.00) v(0.16,0.00) a(-0.12,0.00)
[Wed Jul 27 21:26:37 2016] frame 0000013A | got server flush, sframe 0000013B
[Wed Jul 27 21:26:37 2016] frame 0000013C | user 0: p(141.95,-68.00) v(0.05,0.00) a(-0.10,0.00) -> p(142.00,-68.00) v(0.00,0.00) a(0.00,0.00)
[Wed Jul 27 21:26:37 2016] frame 0000013D | user 0: p(142.00,-68.00) v(0.00,0.00) a(0.00,0.00) -> p(142.00,-68.00) v(0.00,0.00) a(0.00,0.00)
[Wed Jul 27 21:26:37 2016] frame 0000013E | user 0: p(142.00,-68.00) v(0.00,0.00) a(0.00,0.00) -> p(142.00,-68.00) v(0.00,0.00) a(0.00,0.00)
[Wed Jul 27 21:26:37 2016] frame 0000013F | user 0: p(142.00,-68.00) v(0.00,0.00) a(0.00,0.00) -> p(142.00,-68.00) v(0.00,0.00) a(0.00,0.00)
[Wed Jul 27 21:26:37 2016] frame 0000013F | 