[Thu Jul 28 19:55:34 2016] frame 00000000 | opening ./data.db ... successful
[Thu Jul 28 19:55:34 2016] frame 00000000 | reading from file ... successful
[Thu Jul 28 19:55:34 2016] frame 00000000 | creating event base ... successful
[Thu Jul 28 19:55:34 2016] frame 00000000 | creating event listener ... successful[Listening fd: 7]
[Thu Jul 28 19:55:34 2016] frame 00000005 | server flush to 0 users
[Thu Jul 28 19:55:34 2016] frame 0000000A | server flush to 0 users
[Thu Jul 28 19:55:34 2016] frame 0000000F | server flush to 0 users
[Thu Jul 28 19:55:35 2016] frame 00000014 | server flush to 0 users
[Thu Jul 28 19:55:35 2016] frame 00000019 | server flush to 0 users
[Thu Jul 28 19:55:35 2016] frame 0000001E | server flush to 0 users
[Thu Jul 28 19:55:35 2016] frame 00000023 | server flush to 0 users
[Thu Jul 28 19:55:35 2016] frame 00000028 | server flush to 0 users
[Thu Jul 28 19:55:35 2016] frame 0000002D | server flush to 0 users
[Thu Jul 28 19:55:36 2016] frame 00000032 | server flush to 0 users
[Thu Jul 28 19:55:36 2016] frame 00000037 | server flush to 0 users
[Thu Jul 28 19:55:36 2016] frame 0000003C | server flush to 0 users
[Thu Jul 28 19:55:36 2016] frame 00000041 | server flush to 0 users
[Thu Jul 28 19:55:36 2016] frame 00000046 | server flush to 0 users
[Thu Jul 28 19:55:36 2016] frame 0000004B | server flush to 0 users
[Thu Jul 28 19:55:37 2016] frame 00000050 | server flush to 0 users
[Thu Jul 28 19:55:37 2016] frame 00000055 | server flush to 0 users
[Thu Jul 28 19:55:37 2016] frame 0000005A | server flush to 0 users
[Thu Jul 28 19:55:37 2016] frame 0000005F | server flush to 0 users
[Thu Jul 28 19:55:37 2016] frame 00000064 | server flush to 0 users
[Thu Jul 28 19:55:37 2016] frame 00000069 | server flush to 0 users
[Thu Jul 28 19:55:38 2016] frame 0000006E | server flush to 0 users
[Thu Jul 28 19:55:38 2016] frame 00000073 | server flush to 0 users
[Thu Jul 28 19:55:38 2016] frame 00000078 | server flush to 0 users
[Thu Jul 28 19:55:38 2016] frame 0000007D | server flush to 0 users
[Thu Jul 28 19:55:38 2016] frame 00000082 | server flush to 0 users
[Thu Jul 28 19:55:38 2016] frame 00000087 | server flush to 0 users
[Thu Jul 28 19:55:39 2016] frame 0000008C | server flush to 0 users
[Thu Jul 28 19:55:39 2016] frame 00000091 | server flush to 0 users
[Thu Jul 28 19:55:39 2016] frame 00000096 | server flush to 0 users
[Thu Jul 28 19:55:39 2016] frame 0000009B | server flush to 0 users
[Thu Jul 28 19:55:39 2016] frame 000000A0 | server flush to 0 users
[Thu Jul 28 19:55:39 2016] frame 000000A5 | server flush to 0 users
[Thu Jul 28 19:55:40 2016] frame 000000AA | server flush to 0 users
[Thu Jul 28 19:55:40 2016] frame 000000AF | server flush to 0 users
[Thu Jul 28 19:55:40 2016] frame 000000B4 | server flush to 0 users
[Thu Jul 28 19:55:40 2016] frame 000000B9 | server flush to 0 users
[Thu Jul 28 19:55:40 2016] frame 000000BE | server flush to 0 users
[Thu Jul 28 19:55:40 2016] frame 000000C3 | server flush to 0 users
[Thu Jul 28 19:55:41 2016] frame 000000C8 | server flush to 0 users
[Thu Jul 28 19:55:41 2016] frame 000000CD | server flush to 0 users
[Thu Jul 28 19:55:41 2016] frame 000000D2 | server flush to 0 users
[Thu Jul 28 19:55:41 2016] frame 000000D7 | server flush to 0 users
[Thu Jul 28 19:55:41 2016] frame 000000DC | server flush to 0 users
[Thu Jul 28 19:55:41 2016] frame 000000E1 | server flush to 0 users
[Thu Jul 28 19:55:42 2016] frame 000000E6 | server flush to 0 users
[Thu Jul 28 19:55:42 2016] frame 000000EB | server flush to 0 users
[Thu Jul 28 19:55:42 2016] frame 000000F0 | server flush to 0 users
[Thu Jul 28 19:55:42 2016] frame 000000F5 | server flush to 0 users
[Thu Jul 28 19:55:42 2016] frame 000000FA | server flush to 0 users
[Thu Jul 28 19:55:42 2016] frame 000000FF | server flush to 0 users
[Thu Jul 28 19:55:43 2016] frame 00000104 | server flush to 0 users
[Thu Jul 28 19:55:43 2016] frame 00000109 | server flush to 0 users
[Thu Jul 28 19:55:43 2016] frame 0000010E | server flush to 0 users
[Thu Jul 28 19:55:43 2016] frame 00000113 | server flush to 0 users
[Thu Jul 28 19:55:43 2016] frame 00000118 | server flush to 0 users
[Thu Jul 28 19:55:43 2016] frame 0000011D | server flush to 0 users
[Thu Jul 28 19:55:44 2016] frame 00000122 | server flush to 0 users
[Thu Jul 28 19:55:44 2016] frame 00000127 | server flush to 0 users
[Thu Jul 28 19:55:44 2016] frame 0000012C | server flush to 0 users
[Thu Jul 28 19:55:44 2016] frame 00000131 | server flush to 0 users
[Thu Jul 28 19:55:44 2016] frame 00000136 | server flush to 0 users
[Thu Jul 28 19:55:44 2016] frame 0000013B | server flush to 0 users
[Thu Jul 28 19:55:45 2016] frame 00000140 | server flush to 0 users
[Thu Jul 28 19:55:45 2016] frame 00000145 | server flush to 0 users
[Thu Jul 28 19:55:45 2016] frame 0000014A | server flush to 0 users
[Thu Jul 28 19:55:45 2016] frame 0000014F | server flush to 0 users
[Thu Jul 28 19:55:45 2016] frame 00000154 | server flush to 0 users
[Thu Jul 28 19:55:45 2016] frame 00000159 | server flush to 0 users
[Thu Jul 28 19:55:46 2016] frame 0000015E | server flush to 0 users
[Thu Jul 28 19:55:46 2016] frame 00000163 | server flush to 0 users
[Thu Jul 28 19:55:46 2016] frame 00000168 | server flush to 0 users
[Thu Jul 28 19:55:46 2016] frame 0000016D | server flush to 0 users
[Thu Jul 28 19:55:46 2016] frame 00000172 | server flush to 0 users
[Thu Jul 28 19:55:46 2016] frame 00000177 | server flush to 0 users
[Thu Jul 28 19:55:47 2016] frame 0000017C | server flush to 0 users
[Thu Jul 28 19:55:47 2016] frame 00000181 | server flush to 0 users
[Thu Jul 28 19:55:47 2016] frame 00000186 | server flush to 0 users
[Thu Jul 28 19:55:47 2016] frame 0000018B | server flush to 0 users
[Thu Jul 28 19:55:47 2016] frame 00000190 | server flush to 0 users
[Thu Jul 28 19:55:47 2016] frame 00000195 | server flush to 0 users
[Thu Jul 28 19:55:48 2016] frame 0000019A | server flush to 0 users
[Thu Jul 28 19:55:48 2016] frame 0000019A | ACK from 127.0.0.1: 39704
[Thu Jul 28 19:55:48 2016] frame 0000019A | user 1: in p(95.00,0.00) v(0.00,0.00) a(0.00,0.00)
[Thu Jul 28 19:55:48 2016] frame 0000019B | user 1: p(95.00,0.00) v(0.00,0.00) a(0.00,0.00) -> p(95.00,0.00) v(0.00,0.00) a(0.00,0.00)
[Thu Jul 28 19:55:48 2016] frame 0000019C | user 1: p(95.00,0.00) v(0.00,0.00) a(0.00,0.00) -> p(95.00,0.00) v(0.00,0.00) a(0.00,0.00)
[Thu Jul 28 19:55:48 2016] frame 0000019D | user 1: p(95.00,0.00) v(0.00,0.00) a(0.00,0.00) -> p(95.00,0.00) v(0.00,0.00) a(0.00,0.00)
[Thu Jul 28 19:55:48 2016] frame 0000019E | user 1: p(95.00,0.00) v(0.00,0.00) a(0.00,0.00) -> p(95.00,0.00) v(0.00,0.00) a(0.00,0.00)
[Thu Jul 28 19:55:48 2016] frame 0000019F | user 1: p(95.00,0.00) v(0.00,0.00) a(0.00,0.00) -> p(95.00,0.00) v(0.00,0.00) a(0.00,0.00)
[Thu Jul 28 19:55:48 2016] frame 0000019F | server flush to 1 users 1
[Thu Jul 28 19:55:48 2016] frame 0000019F | update from user 1: cframe 0000019F, p(95.00,0.00) v(0.00,0.00) a(0.00,0.00)
[Thu Jul 28 19:55:48 2016] frame 000001A0 | user 1: p(95.00,0.00) v(0.00,0.00) a(0.00,0.00) -> p(95.00,0.00) v(0.00,0.00) a(0.00,0.00)
[Thu Jul 28 19:55:48 2016] frame 000001A1 | user 1: p(95.00,0.00) v(0.00,0.00) a(0.00,0.00) -> p(95.00,0.00) v(0.00,0.00) a(0.00,0.00)
[Thu Jul 28 19:55:48 2016] frame 000001A2 | user 1: p(95.00,0.00) v(0.00,0.00) a(0.00,0.00) -> p(95.00,0.00) v(0.00,0.00) a(0.00,0.00)
[Thu Jul 28 19:55:48 2016] frame 000001A3 | user 1: p(95.00,0.00) v(0.00,0.00) a(0.00,0.00) -> p(95.00,0.00) v(0.00,0.00) a(0.00,0.00)
[Thu Jul 28 19:55:48 2016] frame 000001A4 | user 1: p(95.00,0.00) v(0.00,0.00) a(0.00,0.00) -> p(95.00,0.00) v(0.00,0.00) a(0.00,0.00)
[Thu Jul 28 19:55:48 2016] frame 000001A4 | server flush to 1 users 1
[Thu Jul 28 19:55:48 2016] frame 000001A4 | update from user 1: cframe 000001A4, p(95.00,0.00) v(0.00,0.00) a(0.00,0.00)
[Thu Jul 28 19:55:48 2016] frame 000001A5 | user 1: p(95.00,0.00) v(0.00,0.00) a(0.00,0.00) -> p(95.00,0.00) v(0.00,0.00) a(0.00,0.00)
[Thu Jul 28 19:55:48 2016] frame 000001A6 | user 1: p(95.00,0.00) v(0.00,0.00) a(0.00,0.00) -> p(95.00,0.00) v(0.00,0.00) a(0.00,0.00)
[Thu Jul 28 19:55:48 2016] frame 000001A7 | user 1: p(95.00,0.00) v(0.00,0.00) a(0.00,0.00) -> p(95.00,0.00) v(0.00,0.00) a(0.00,0.00)
[Thu Jul 28 19:55:48 2016] frame 000001A8 | user 1: p(95.00,0.00) v(0.00,0.00) a(0.00,0.00) -> p(95.00,0.00) v(0.00,0.00) a(0.00,0.00)
[Thu Jul 28 19:55:48 2016] frame 000001A9 | user 1: p(95.00,0.00) v(0.00,0.00) a(0.00,0.00) -> p(95.00,0.00) v(0.00,0.00) a(0.00,0.00)
[Thu Jul 28 19:55:48 2016] frame 000001A9 | server flush to 1 users 1
[Thu Jul 28 19:55:48 2016] frame 000001A9 | update from user 1: cframe 000001A9, p(95.00,0.00) v(0.00,0.00) a(0.00,0.00)
[Thu Jul 28 19:55:48 2016] frame 000001AA | user 1: p(95.00,0.00) v(0.00,0.00) a(0.00,0.00) -> p(95.00,0.00) v(0.00,0.00) a(0.00,0.00)
[Thu Jul 28 19:55:48 2016] frame 000001AB | user 1: p(95.00,0.00) v(0.00,0.00) a(0.00,0.00) -> p(95.00,0.00) v(0.00,0.00) a(0.00,0.00)
[Thu Jul 28 19:55:48 2016] frame 000001AC | user 1: p(95.00,0.00) v(0.00,0.00) a(0.00,0.00) -> p(95.00,0.00) v(0.00,0.00) a(0.00,0.00)
[Thu Jul 28 19:55:48 2016] frame 000001AD | user 1: p(95.00,0.00) v(0.00,0.00) a(0.00,0.00) -> p(95.00,0.00) v(0.00,0.00) a(0.00,0.00)
[Thu Jul 28 19:55:48 2016] frame 000001AE | user 1: p(95.00,0.00) v(0.00,0.00) a(0.00,0.00) -> p(95.00,0.00) v(0.00,0.00) a(0.00,0.00)
[Thu Jul 28 19:55:48 2016] frame 000001AE | server flush to 1 users 1
[Thu Jul 28 19:55:48 2016] frame 000001AE | update from user 1: cframe 000001AE, p(95.00,0.00) v(0.00,0.00) a(0.00,0.00)
[Thu Jul 28 19:55:48 2016] frame 000001AF | user 1: p(95.00,0.00) v(0.00,0.00) a(0.00,0.00) -> p(95.00,0.00) v(0.00,0.00) a(0.00,0.00)
[Thu Jul 28 19:55:48 2016] frame 000001B0 | user 1: p(95.00,0.00) v(0.00,0.00) a(0.00,0.00) -> p(95.00,0.00) v(0.00,0.00) a(0.00,0.00)
[Thu Jul 28 19:55:48 2016] frame 000001B1 | user 1: p(95.00,0.00) v(0.00,0.00) a(0.00,0.00) -> p(95.00,0.00) v(0.00,0.00) a(0.00,0.00)
[Thu Jul 28 19:55:48 2016] frame 000001B2 | user 1: p(95.00,0.00) v(0.00,0.00) a(0.00,0.00) -> p(95.00,0.00) v(0.00,0.00) a(0.00,0.00)
[Thu Jul 28 19:55:48 2016] frame 000001B3 | user 1: p(95.00,0.00) v(0.00,0.00) a(0.00,0.00) -> p(95.00,0.00) v(0.00,0.00) a(0.00,0.00)
[Thu Jul 28 19:55:48 2016] frame 000001B3 | server flush to 1 users 1
[Thu Jul 28 19:55:48 2016] frame 000001B3 | update from user 1: cframe 000001B3, p(95.00,0.00) v(0.00,0.00) a(0.00,0.00)
[Thu Jul 28 19:55:48 2016] frame 000001B4 | user 1: p(95.00,0.00) v(0.00,0.00) a(0.00,0.00) -> p(95.00,0.00) v(0.00,0.00) a(0.00,0.00)
[Thu Jul 28 19:55:48 2016] frame 000001B5 | user 1: p(95.00,0.00) v(0.00,0.00) a(0.00,0.00) -> p(95.00,0.00) v(0.00,0.00) a(0.00,0.00)
[Thu Jul 28 19:55:48 2016] frame 000001B6 | user 1: p(95.00,0.00) v(0.00,0.00) a(0.00,0.00) -> p(95.00,0.00) v(0.00,0.00) a(0.00,0.00)
[Thu Jul 28 19:55:49 2016] frame 000001B7 | user 1: p(95.00,0.00) v(0.00,0.00) a(0.00,0.00) -> p(95.00,0.00) v(0.00,0.00) a(0.00,0.00)
[Thu Jul 28 19:55:49 2016] frame 000001B8 | user 1: p(95.00,0.00) v(0.00,0.00) a(0.00,0.00) -> p(95.00,0.00) v(0.00,0.00) a(0.00,0.00)
[Thu Jul 28 19:55:49 2016] frame 000001B8 | server flush to 1 users 1
[Thu Jul 28 19:55:49 2016] frame 000001B8 | update from user 1: cframe 000001B8, p(95.00,0.00) v(0.00,0.00) a(0.00,0.00)
[Thu Jul 28 19:55:49 2016] frame 000001B9 | user 1: p(95.00,0.00) v(0.00,0.00) a(0.00,0.00) -> p(95.00,0.00) v(0.00,0.00) a(0.00,0.00)
[Thu Jul 28 19:55:49 2016] frame 000001BA | user 1: p(95.00,0.00) v(0.00,0.00) a(0.00,0.00) -> p(95.00,0.00) v(0.00,0.00) a(0.00,0.00)
[Thu Jul 28 19:55:49 2016] frame 000001BB | user 1: p(95.00,0.00) v(0.00,0.00) a(0.00,0.00) -> p(95.00,0.00) v(0.00,0.00) a(0.00,0.00)
[Thu Jul 28 19:55:49 2016] frame 000001BC | user 1: p(95.00,0.00) v(0.00,0.00) a(0.00,0.00) -> p(95.00,0.00) v(0.00,0.00) a(0.00,0.00)
[Thu Jul 28 19:55:49 2016] frame 000001BD | user 1: p(95.00,0.00) v(0.00,0.00) a(0.00,0.00) -> p(95.00,0.00) v(0.00,0.00) a(0.00,0.00)
[Thu Jul 28 19:55:49 2016] frame 000001BD | server flush to 1 users 1
[Thu Jul 28 19:55:49 2016] frame 000001BD | update from user 1: cframe 000001BD, p(95.00,0.00) v(0.00,0.00) a(0.00,0.00)
[Thu Jul 28 19:55:49 2016] frame 000001BE | user 1: p(95.00,0.00) v(0.00,0.00) a(0.00,0.00) -> p(95.00,0.00) v(0.00,0.00) a(0.00,0.00)
[Thu Jul 28 19:55:49 2016] frame 000001BF | user 1: p(95.00,0.00) v(0.00,0.00) a(0.00,0.00) -> p(95.00,0.00) v(0.00,0.00) a(0.00,0.00)
[Thu Jul 28 19:55:49 2016] frame 000001C0 | user 1: p(95.00,0.00) v(0.00,0.00) a(0.00,0.00) -> p(95.00,0.00) v(0.00,0.00) a(0.00,0.00)
[Thu Jul 28 19:55:49 2016] frame 000001C1 | user 1: p(95.00,0.00) v(0.00,0.00) a(0.00,0.00) -> p(95.00,0.00) v(0.00,0.00) a(0.00,0.00)
[Thu Jul 28 19:55:49 2016] frame 000001C2 | user 1: p(95.00,0.00) v(0.00,0.00) a(0.00,0.00) -> p(95.00,0.00) v(0.00,0.00) a(0.00,0.00)
[Thu Jul 28 19:55:49 2016] frame 000001C2 | server flush to 1 users 1
[Thu Jul 28 19:55:49 2016] frame 000001C2 | update from user 1: cframe 000001C2, p(95.00,0.00) v(0.00,0.00) a(0.00,0.00)
[Thu Jul 28 19:55:49 2016] frame 000001C3 | user 1: p(95.00,0.00) v(0.00,0.00) a(0.00,0.00) -> p(95.00,0.00) v(0.00,0.00) a(0.00,0.00)
[Thu Jul 28 19:55:49 2016] frame 000001C4 | user 1: p(95.00,0.00) v(0.00,0.00) a(0.00,0.00) -> p(95.00,0.00) v(0.00,0.00) a(0.00,0.00)
[Thu Jul 28 19:55:49 2016] frame 000001C5 | user 1: p(95.00,0.00) v(0.00,0.00) a(0.00,0.00) -> p(95.00,0.00) v(0.00,0.00) a(0.00,0.00)
[Thu Jul 28 19:55:49 2016] frame 000001C6 | user 1: p(95.00,0.00) v(0.00,0.00) a(0.00,0.00) -> p(95.00,0.00) v(0.00,0.00) a(0.00,0.00)
[Thu Jul 28 19:55:49 2016] frame 000001C7 | user 1: p(95.00,0.00) v(0.00,0.00) a(0.00,0.00) -> p(95.00,0.00) v(0.00,0.00) a(0.00,0.00)
[Thu Jul 28 19:55:49 2016] frame 000001C7 | server flush to 1 users 1
[Thu Jul 28 19:55:49 2016] frame 000001C7 | update from user 1: cframe 000001C7, p(95.00,0.00) v(0.00,0.00) a(0.00,0.00)
[Thu Jul 28 19:55:49 2016] frame 000001C8 | user 1: p(95.00,0.00) v(0.00,0.00) a(0.00,0.00) -> p(95.00,0.00) v(0.00,0.00) a(0.00,0.00)
[Thu Jul 28 19:55:49 2016] frame 000001C9 | user 1: p(95.00,0.00) v(0.00,0.00) a(0.00,0.00) -> p(95.00,0.00) v(0.00,0.00) a(0.00,0.00)
[Thu Jul 28 19:55:49 2016] frame 000001CA | user 1: p(95.00,0.00) v(0.00,0.00) a(0.00,0.00) -> p(95.00,0.00) v(0.00,0.00) a(0.00,0.00)
[Thu Jul 28 19:55:49 2016] frame 000001CB | user 1: p(95.00,0.00) v(0.00,0.00) a(0.00,0.00) -> p(95.00,0.00) v(0.00,0.00) a(0.00,0.00)
[Thu Jul 28 19:55:49 2016] frame 000001CC | user 1: p(95.00,0.00) v(0.00,0.00) a(0.00,0.00) -> p(95.00,0.00) v(0.00,0.00) a(0.00,0.00)
[Thu Jul 28 19:55:49 2016] frame 000001CC | server flush to 1 users 1
[Thu Jul 28 19:55:49 2016] frame 000001CC | update from user 1: cframe 000001CC, p(94.13,0.00) v(-0.81,0.00) a(-0.22,0.00)
[Thu Jul 28 19:55:49 2016] frame 000001CD | user 1: p(94.13,0.00) v(-0.81,0.00) a(-0.22,0.00) -> p(93.32,0.00) v(-1.03,0.00) a(-0.20,0.00)
[Thu Jul 28 19:55:49 2016] frame 000001CE | user 1: p(93.32,0.00) v(-1.03,0.00) a(-0.20,0.00) -> p(92.29,0.00) v(-1.23,0.00) a(-0.18,0.00)
[Thu Jul 28 19:55:49 2016] frame 000001CF | user 1: p(92.29,0.00) v(-1.23,0.00) a(-0.18,0.00) -> p(91.06,0.00) v(-1.41,0.00) a(-0.16,0.00)
[Thu Jul 28 19:55:49 2016] frame 000001D0 | user 1: p(91.06,0.00) v(-1.41,0.00) a(-0.16,0.00) -> p(89.65,0.00) v(-1.57,0.00) a(-0.14,0.00)
[Thu Jul 28 19:55:49 2016] frame 000001D1 | user 1: p(89.65,0.00) v(-1.57,0.00) a(-0.14,0.00) -> p(88.09,0.00) v(-1.71,0.00) a(-0.13,0.00)
[Thu Jul 28 19:55:49 2016] frame 000001D1 | server flush to 1 users 1
[Thu Jul 28 19:55:49 2016] frame 000001D1 | update from user 1: cframe 000001D1, p(88.09,0.00) v(-1.71,0.00) a(-0.13,0.00)
[Thu Jul 28 19:55:49 2016] frame 000001D2 | user 1: p(88.09,0.00) v(-1.71,0.00) a(-0.13,0.00) -> p(86.38,0.00) v(-1.84,0.00) a(-0.12,0.00)
[Thu Jul 28 19:55:49 2016] frame 000001D3 | user 1: p(86.38,0.00) v(-1.84,0.00) a(-0.12,0.00) -> p(84.54,0.00) v(-1.95,0.00) a(-0.10,0.00)
[Thu Jul 28 19:55:49 2016] frame 000001D4 | user 1: p(84.54,0.00) v(-1.95,0.00) a(-0.10,0.00) -> p(82.59,0.00) v(-2.00,0.00) a(0.00,0.00)
[Thu Jul 28 19:55:50 2016] frame 000001D5 | user 1: p(82.59,0.00) v(-2.00,0.00) a(0.00,0.00) -> p(80.59,0.00) v(-2.00,0.00) a(0.00,0.00)
[Thu Jul 28 19:55:50 2016] frame 000001D6 | user 1: p(80.59,0.00) v(-2.00,0.00) a(0.00,0.00) -> p(78.59,0.00) v(-2.00,0.00) a(0.00,0.00)
[Thu Jul 28 19:55:50 2016] frame 000001D6 | server flush to 1 users 1
[Thu Jul 28 19:55:50 2016] frame 000001D6 | update from user 1: cframe 000001D6, p(78.59,0.00) v(-2.00,0.00) a(0.00,0.00)
[Thu Jul 28 19:55:50 2016] frame 000001D7 | user 1: p(78.59,0.00) v(-2.00,0.00) a(0.00,0.00) -> p(76.59,0.00) v(-2.00,0.00) a(0.00,0.00)
[Thu Jul 28 19:55:50 2016] frame 000001D8 | user 1: p(76.59,0.00) v(-2.00,0.00) a(0.00,0.00) -> p(74.59,0.00) v(-2.00,0.00) a(0.00,0.00)
[Thu Jul 28 19:55:50 2016] frame 000001D9 | user 1: p(74.59,0.00) v(-2.00,0.00) a(0.00,0.00) -> p(72.59,0.00) v(-2.00,0.00) a(0.00,0.00)
[Thu Jul 28 19:55:50 2016] frame 000001DA | user 1: p(72.59,0.00) v(-2.00,0.00) a(0.00,0.00) -> p(70.59,0.00) v(-2.00,0.00) a(0.00,0.00)
[Thu Jul 28 19:55:50 2016] frame 000001DB | user 1: p(70.59,0.00) v(-2.00,0.00) a(0.00,0.00) -> p(68.59,0.00) v(-2.00,0.00) a(0.00,0.00)
[Thu Jul 28 19:55:50 2016] frame 000001DB | server flush to 1 users 1
[Thu Jul 28 19:55:50 2016] frame 000001DB | update from user 1: cframe 000001DB, p(68.59,0.00) v(-2.00,0.00) a(0.00,0.00)
[Thu Jul 28 19:55:50 2016] frame 000001DC | user 1: p(68.59,0.00) v(-2.00,0.00) a(0.00,0.00) -> p(66.59,0.00) v(-2.00,0.00) a(0.00,0.00)
[Thu Jul 28 19:55:50 2016] frame 000001DD | user 1: p(66.59,0.00) v(-2.00,0.00) a(0.00,0.00) -> p(64.59,0.00) v(-2.00,0.00) a(0.00,0.00)
[Thu Jul 28 19:55:50 2016] frame 000001DE | user 1: p(64.59,0.00) v(-2.00,0.00) a(0.00,0.00) -> p(62.59,0.00) v(-2.00,0.00) a(0.00,0.00)
[Thu Jul 28 19:55:50 2016] frame 000001DF | user 1: p(62.59,0.00) v(-2.00,0.00) a(0.00,0.00) -> p(60.59,0.00) v(-2.00,0.00) a(0.00,0.00)
[Thu Jul 28 19:55:50 2016] frame 000001E0 | user 1: p(60.59,0.00) v(-2.00,0.00) a(0.00,0.00) -> p(58.59,0.00) v(-2.00,0.00) a(0.00,0.00)
[Thu Jul 28 19:55:50 2016] frame 000001E0 | server flush to 1 users 1
[Thu Jul 28 19:55:50 2016] frame 000001E0 | update from user 1: cframe 000001E0, p(58.59,0.00) v(-2.00,0.00) a(0.00,0.00)
[Thu Jul 28 19:55:50 2016] frame 000001E1 | user 1: p(58.59,0.00) v(-2.00,0.00) a(0.00,0.00) -> p(56.59,0.00) v(-2.00,0.00) a(0.00,0.00)
[Thu Jul 28 19:55:50 2016] frame 000001E2 | user 1: p(56.59,0.00) v(-2.00,0.00) a(0.00,0.00) -> p(54.59,0.00) v(-2.00,0.00) a(0.00,0.00)
[Thu Jul 28 19:55:50 2016] frame 000001E3 | user 1: p(54.59,0.00) v(-2.00,0.00) a(0.00,0.00) -> p(52.59,0.00) v(-2.00,0.00) a(0.00,0.00)
[Thu Jul 28 19:55:50 2016] frame 000001E4 | user 1: p(52.59,0.00) v(-2.00,0.00) a(0.00,0.00) -> p(50.59,0.00) v(-2.00,0.00) a(0.00,0.00)
[Thu Jul 28 19:55:50 2016] frame 000001E5 | user 1: p(50.59,0.00) v(-2.00,0.00) a(0.00,0.00) -> p(48.59,0.00) v(-2.00,0.00) a(0.00,0.00)
[Thu Jul 28 19:55:50 2016] frame 000001E5 | server flush to 1 users 1
[Thu Jul 28 19:55:50 2016] frame 000001E5 | update from user 1: cframe 000001E5, p(48.59,0.00) v(-2.00,0.00) a(0.00,0.00)
[Thu Jul 28 19:55:50 2016] frame 000001E6 | user 1: p(48.59,0.00) v(-2.00,0.00) a(0.00,0.00) -> p(46.59,0.00) v(-2.00,0.00) a(0.00,0.00)
[Thu Jul 28 19:55:50 2016] frame 000001E7 | user 1: p(46.59,0.00) v(-2.00,0.00) a(0.00,0.00) -> p(44.59,0.00) v(-2.00,0.00) a(0.00,0.00)
[Thu Jul 28 19:55:50 2016] frame 000001E8 | user 1: p(44.59,0.00) v(-2.00,0.00) a(0.00,0.00) -> p(42.59,0.00) v(-2.00,0.00) a(0.00,0.00)
[Thu Jul 28 19:55:50 2016] frame 000001E9 | user 1: p(42.59,0.00) v(-2.00,0.00) a(0.00,0.00) -> p(40.59,0.00) v(-2.00,0.00) a(0.00,0.00)
[Thu Jul 28 19:55:50 2016] frame 000001EA | user 1: p(40.59,0.00) v(-2.00,0.00) a(0.00,0.00) -> p(38.59,0.00) v(-2.00,0.00) a(0.00,0.00)
[Thu Jul 28 19:55:50 2016] frame 000001EA | server flush to 1 users 1
[Thu Jul 28 19:55:50 2016] frame 000001EA | update from user 1: cframe 000001EA, p(38.59,0.00) v(-2.00,0.00) a(0.00,0.00)
[Thu Jul 28 19:55:50 2016] frame 000001EB | user 1: p(38.59,0.00) v(-2.00,0.00) a(0.00,0.00) -> p(36.59,0.00) v(-2.00,0.00) a(0.00,0.00)
[Thu Jul 28 19:55:50 2016] frame 000001EC | user 1: p(36.59,0.00) v(-2.00,0.00) a(0.00,0.00) -> p(34.59,0.00) v(-2.00,0.00) a(0.00,0.00)
[Thu Jul 28 19:55:50 2016] frame 000001ED | user 1: p(34.59,0.00) v(-2.00,0.00) a(0.00,0.00) -> p(32.59,0.00) v(-2.00,0.00) a(0.00,0.00)
[Thu Jul 28 19:55:50 2016] frame 000001EE | user 1: p(32.59,0.00) v(-2.00,0.00) a(0.00,0.00) -> p(30.59,0.00) v(-2.00,0.00) a(0.00,0.00)
[Thu Jul 28 19:55:50 2016] frame 000001EF | user 1: p(30.59,0.00) v(-2.00,0.00) a(0.00,0.00) -> p(28.59,0.00) v(-2.00,0.00) a(0.00,0.00)
[Thu Jul 28 19:55:50 2016] frame 000001EF | server flush to 1 users 1
[Thu Jul 28 19:55:50 2016] frame 000001EF | update from user 1: cframe 000001EF, p(28.59,0.00) v(-2.00,0.00) a(0.00,0.00)
[Thu Jul 28 19:55:50 2016] frame 000001F0 | user 1: p(28.59,0.00) v(-2.00,0.00) a(0.00,0.00) -> p(26.59,0.00) v(-2.00,0.00) a(0.00,0.00)
[Thu Jul 28 19:55:50 2016] frame 000001F1 | user 1: p(26.59,0.00) v(-2.00,0.00) a(0.00,0.00) -> p(24.59,0.00) v(-2.00,0.00) a(0.00,0.00)
[Thu Jul 28 19:55:50 2016] frame 000001F2 | user 1: p(24.59,0.00) v(-2.00,0.00) a(0.00,0.00) -> p(22.59,0.00) v(-2.00,0.00) a(0.00,0.00)
[Thu Jul 28 19:55:51 2016] frame 000001F3 | user 1: p(22.59,0.00) v(-2.00,0.00) a(0.00,0.00) -> p(20.59,0.00) v(-2.00,0.00) a(0.00,0.00)
[Thu Jul 28 19:55:51 2016] frame 000001F4 | user 1: p(20.59,0.00) v(-2.00,0.00) a(0.00,0.00) -> p(18.59,0.00) v(-2.00,0.00) a(0.00,0.00)
[Thu Jul 28 19:55:51 2016] frame 000001F4 | server flush to 1 users 1
[Thu Jul 28 19:55:51 2016] frame 000001F4 | update from user 1: cframe 000001F4, p(21.30,0.00) v(-0.77,0.00) a(0.18,0.00)
[Thu Jul 28 19:55:51 2016] frame 000001F5 | user 1: p(21.30,0.00) v(-0.77,0.00) a(0.18,0.00) -> p(20.53,0.00) v(-0.59,0.00) a(0.16,0.00)
[Thu Jul 28 19:55:51 2016] frame 000001F6 | user 1: p(20.53,0.00) v(-0.59,0.00) a(0.16,0.00) -> p(19.93,0.00) v(-0.43,0.00) a(0.14,0.00)
[Thu Jul 28 19:55:51 2016] frame 000001F7 | user 1: p(19.93,0.00) v(-0.43,0.00) a(0.14,0.00) -> p(19.50,0.00) v(-0.29,0.00) a(0.13,0.00)
[Thu Jul 28 19:55:51 2016] frame 000001F8 | user 1: p(19.50,0.00) v(-0.29,0.00) a(0.13,0.00) -> p(19.21,0.00) v(-0.16,0.00) a(0.12,0.00)
[Thu Jul 28 19:55:51 2016] frame 000001F9 | user 1: p(19.21,0.00) v(-0.16,0.00) a(0.12,0.00) -> p(19.05,0.00) v(-0.05,0.00) a(0.10,0.00)
[Thu Jul 28 19:55:51 2016] frame 000001F9 | server flush to 1 users 1
[Thu Jul 28 19:55:51 2016] frame 000001F9 | update from user 1: cframe 000001F9, p(19.05,0.00) v(-0.05,0.00) a(0.10,0.00)
[Thu Jul 28 19:55:51 2016] frame 000001FA | user 1: p(19.05,0.00) v(-0.05,0.00) a(0.10,0.00) -> p(19.00,0.00) v(0.00,0.00) a(0.00,0.00)
[Thu Jul 28 19:55:51 2016] frame 000001FB | user 1: p(19.00,0.00) v(0.00,0.00) a(0.00,0.00) -> p(19.00,0.00) v(0.00,0.00) a(0.00,0.00)
[Thu Jul 28 19:55:51 2016] frame 000001FC | user 1: p(19.00,0.00) v(0.00,0.00) a(0.00,0.00) -> p(19.00,0.00) v(0.00,0.00) a(0.00,0.00)
[Thu Jul 28 19:55:51 2016] frame 000001FD | user 1: p(19.00,0.00) v(0.00,0.00) a(0.00,0.00) -> p(19.00,0.00) v(0.00,0.00) a(0.00,0.00)
[Thu Jul 28 19:55:51 2016] frame 000001FE | user 1: p(19.00,0.00) v(0.00,0.00) a(0.00,0.00) -> p(19.00,0.00) v(0.00,0.00) a(0.00,0.00)
[Thu Jul 28 19:55:51 2016] frame 000001FE | server flush to 1 users 1
[Thu Jul 28 19:55:51 2016] frame 000001FE | update from user 1: cframe 000001FE, p(19.00,0.00) v(0.00,0.00) a(0.00,0.00)
[Thu Jul 28 19:55:51 2016] frame 000001FF | user 1: p(19.00,0.00) v(0.00,0.00) a(0.00,0.00) -> p(19.00,0.00) v(0.00,0.00) a(0.00,0.00)
[Thu Jul 28 19:55:51 2016] frame 00000200 | user 1: p(19.00,0.00) v(0.00,0.00) a(0.00,0.00) -> p(19.00,0.00) v(0.00,0.00) a(0.00,0.00)
[Thu Jul 28 19:55:51 2016] frame 00000201 | user 1: p(19.00,0.00) v(0.00,0.00) a(0.00,0.00) -> p(19.00,0.00) v(0.00,0.00) a(0.00,0.00)
[Thu Jul 28 19:55:51 2016] frame 00000202 | user 1: p(19.00,0.00) v(0.00,0.00) a(0.00,0.00) -> p(19.00,0.00) v(0.00,0.00) a(0.00,0.00)
[Thu Jul 28 19:55:51 2016] frame 00000203 | user 1: p(19.00,0.00) v(0.00,0.00) a(0.00,0.00) -> p(19.00,0.00) v(0.00,0.00) a(0.00,0.00)
[Thu Jul 28 19:55:51 2016] frame 00000203 | server flush to 1 users 1
[Thu Jul 28 19:55:51 2016] frame 00000203 | update from user 1: cframe 00000203, p(19.00,0.00) v(0.00,0.00) a(0.00,0.00)
[Thu Jul 28 19:55:51 2016] frame 00000204 | user 1: p(19.00,0.00) v(0.00,0.00) a(0.00,0.00) -> p(19.00,0.00) v(0.00,0.00) a(0.00,0.00)
[Thu Jul 28 19:55:51 2016] frame 00000205 | user 1: p(19.00,0.00) v(0.00,0.00) a(0.00,0.00) -> p(19.00,0.00) v(0.00,0.00) a(0.00,0.00)
[Thu Jul 28 19:55:51 2016] frame 00000206 | user 1: p(19.00,0.00) v(0.00,0.00) a(0.00,0.00) -> p(19.00,0.00) v(0.00,0.00) a(0.00,0.00)
[Thu Jul 28 19:55:51 2016] frame 00000207 | user 1: p(19.00,0.00) v(0.00,0.00) a(0.00,0.00) -> p(19.00,0.00) v(0.00,0.00) a(0.00,0.00)
[Thu Jul 28 19:55:51 2016] frame 00000208 | user 1: p(19.00,0.00) v(0.00,0.00) a(0.00,0.00) -> p(19.00,0.00) v(0.00,0.00) a(0.00,0.00)
[Thu Jul 28 19:55:51 2016] frame 00000208 | server flush to 1 users 1
[Thu Jul 28 19:55:51 2016] frame 00000208 | update from user 1: cframe 00000208, p(18.13,0.00) v(-0.81,0.00) a(-0.22,0.00)
[Thu Jul 28 19:55:51 2016] frame 00000209 | user 1: p(18.13,0.00) v(-0.81,0.00) a(-0.22,0.00) -> p(17.32,0.00) v(-1.03,0.00) a(-0.20,0.00)
[Thu Jul 28 19:55:51 2016] frame 0000020A | user 1: p(17.32,0.00) v(-1.03,0.00) a(-0.20,0.00) -> p(16.29,0.00) v(-1.23,0.00) a(-0.18,0.00)
[Thu Jul 28 19:55:51 2016] frame 0000020B | user 1: p(16.29,0.00) v(-1.23,0.00) a(-0.18,0.00) -> p(15.06,0.00) v(-1.41,0.00) a(-0.16,0.00)
[Thu Jul 28 19:55:51 2016] frame 0000020C | user 1: p(15.06,0.00) v(-1.41,0.00) a(-0.16,0.00) -> p(13.65,0.00) v(-1.57,0.00) a(-0.14,0.00)
[Thu Jul 28 19:55:51 2016] frame 0000020D | user 1: p(13.65,0.00) v(-1.57,0.00) a(-0.14,0.00) -> p(12.09,0.00) v(-1.71,0.00) a(-0.13,0.00)
[Thu Jul 28 19:55:51 2016] frame 0000020D | server flush to 1 users 1
[Thu Jul 28 19:55:51 2016] frame 0000020D | update from user 1: cframe 0000020D, p(12.09,0.00) v(-1.71,0.00) a(-0.13,0.00)
[Thu Jul 28 19:55:51 2016] frame 0000020E | user 1: p(12.09,0.00) v(-1.71,0.00) a(-0.13,0.00) -> p(10.38,0.00) v(-1.84,0.00) a(-0.12,0.00)
[Thu Jul 28 19:55:51 2016] frame 0000020F | user 1: p(10.38,0.00) v(-1.84,0.00) a(-0.12,0.00) -> p(8.54,0.00) v(-1.95,0.00) a(-0.10,0.00)
[Thu Jul 28 19:55:51 2016] frame 00000210 | user 1: p(8.54,0.00) v(-1.95,0.00) a(-0.10,0.00) -> p(6.59,0.00) v(-2.00,0.00) a(0.00,0.00)
[Thu Jul 28 19:55:52 2016] frame 00000211 | user 1: p(6.59,0.00) v(-2.00,0.00) a(0.00,0.00) -> p(4.59,0.00) v(-2.00,0.00) a(0.00,0.00)
[Thu Jul 28 19:55:52 2016] frame 00000211 | update from user 1: cframe 00000212, p(2.59,0.00) v(-2.00,0.00) a(0.00,0.00)
[Thu Jul 28 19:55:52 2016] frame 00000212 | user 1: p(4.59,0.00) v(-2.00,0.00) a(0.00,0.00) -> p(2.59,0.00) v(-2.00,0.00) a(0.00,0.00)
[Thu Jul 28 19:55:52 2016] frame 00000212 | server flush to 1 users 1
[Thu Jul 28 19:55:52 2016] frame 00000213 | user 1: p(2.59,0.00) v(-2.00,0.00) a(0.00,0.00) -> p(0.59,0.00) v(-2.00,0.00) a(0.00,0.00)
[Thu Jul 28 19:55:52 2016] frame 00000214 | user 1: p(0.59,0.00) v(-2.00,0.00) a(0.00,0.00) -> p(-1.41,0.00) v(-2.00,0.00) a(0.00,0.00)
[Thu Jul 28 19:55:52 2016] frame 00000215 | user 1: p(-1.41,0.00) v(-2.00,0.00) a(0.00,0.00) -> p(-3.41,0.00) v(-2.00,0.00) a(0.00,0.00)
[Thu Jul 28 19:55:52 2016] frame 00000216 | user 1: p(-3.41,0.00) v(-2.00,0.00) a(0.00,0.00) -> p(-5.41,0.00) v(-2.00,0.00) a(0.00,0.00)
[Thu Jul 28 19:55:52 2016] frame 00000217 | user 1: p(-5.41,0.00) v(-2.00,0.00) a(0.00,0.00) -> p(-7.41,0.00) v(-2.00,0.00) a(0.00,0.00)
[Thu Jul 28 19:55:52 2016] frame 00000217 | server flush to 1 users 1
[Thu Jul 28 19:55:52 2016] frame 00000217 | update from user 1: cframe 00000217, p(-7.41,0.00) v(-2.00,0.00) a(0.00,0.00)
[Thu Jul 28 19:55:52 2016] frame 00000218 | user 1: p(-7.41,0.00) v(-2.00,0.00) a(0.00,0.00) -> p(-9.41,0.00) v(-2.00,0.00) a(0.00,0.00)
[Thu Jul 28 19:55:52 2016] frame 00000219 | user 1: p(-9.41,0.00) v(-2.00,0.00) a(0.00,0.00) -> p(-11.41,0.00) v(-2.00,0.00) a(0.00,0.00)
[Thu Jul 28 19:55:52 2016] frame 0000021A | user 1: p(-11.41,0.00) v(-2.00,0.00) a(0.00,0.00) -> p(-13.41,0.00) v(-2.00,0.00) a(0.00,0.00)
[Thu Jul 28 19:55:52 2016] frame 0000021B | user 1: p(-13.41,0.00) v(-2.00,0.00) a(0.00,0.00) -> p(-15.41,0.00) v(-2.00,0.00) a(0.00,0.00)
[Thu Jul 28 19:55:52 2016] frame 0000021B | update from user 1: cframe 0000021C, p(-17.11,0.00) v(-1.43,0.00) a(0.24,0.00)
[Thu Jul 28 19:55:52 2016] frame 0000021C | user 1: p(-15.41,0.00) v(-2.00,0.00) a(0.00,0.00) -> p(-17.41,0.00) v(-2.00,0.00) a(0.00,0.00)
[Thu Jul 28 19:55:52 2016] frame 0000021C | server flush to 1 users 1
[Thu Jul 28 19:55:52 2016] frame 0000021D | user 1: p(-17.41,0.00) v(-2.00,0.00) a(0.00,0.00) -> p(-19.41,0.00) v(-2.00,0.00) a(0.00,0.00)
[Thu Jul 28 19:55:52 2016] frame 0000021E | user 1: p(-19.41,0.00) v(-2.00,0.00) a(0.00,0.00) -> p(-21.41,0.00) v(-2.00,0.00) a(0.00,0.00)
[Thu Jul 28 19:55:52 2016] frame 0000021F | user 1: p(-21.41,0.00) v(-2.00,0.00) a(0.00,0.00) -> p(-23.41,0.00) v(-2.00,0.00) a(0.00,0.00)
[Thu Jul 28 19:55:52 2016] frame 00000220 | user 1: p(-23.41,0.00) v(-2.00,0.00) a(0.00,0.00) -> p(-25.41,0.00) v(-2.00,0.00) a(0.00,0.00)
[Thu Jul 28 19:55:52 2016] frame 00000221 | user 1: p(-25.41,0.00) v(-2.00,0.00) a(0.00,0.00) -> p(-27.41,0.00) v(-2.00,0.00) a(0.00,0.00)
[Thu Jul 28 19:55:52 2016] frame 00000221 | server flush to 1 users 1
[Thu Jul 28 19:55:52 2016] frame 00000221 | update from user 1: cframe 00000221, p(-22.07,0.00) v(-0.43,0.00) a(0.14,0.00)
[Thu Jul 28 19:55:52 2016] frame 00000222 | user 1: p(-22.07,0.00) v(-0.43,0.00) a(0.14,0.00) -> p(-22.50,0.00) v(-0.29,0.00) a(0.13,0.00)
[Thu Jul 28 19:55:52 2016] frame 00000223 | user 1: p(-22.50,0.00) v(-0.29,0.00) a(0.13,0.00) -> p(-22.79,0.00) v(-0.16,0.00) a(0.12,0.00)
[Thu Jul 28 19:55:52 2016] frame 00000224 | user 1: p(-22.79,0.00) v(-0.16,0.00) a(0.12,0.00) -> p(-22.95,0.00) v(-0.05,0.00) a(0.10,0.00)
[Thu Jul 28 19:55:52 2016] frame 00000225 | user 1: p(-22.95,0.00) v(-0.05,0.00) a(0.10,0.00) -> p(-23.00,0.00) v(0.00,0.00) a(0.00,0.00)
[Thu Jul 28 19:55:52 2016] frame 00000226 | user 1: p(-23.00,0.00) v(0.00,0.00) a(0.00,0.00) -> p(-23.00,0.00) v(0.00,0.00) a(0.00,0.00)
[Thu Jul 28 19:55:52 2016] frame 00000226 | server flush to 1 users 1
[Thu Jul 28 19:55:52 2016] frame 00000226 | update from user 1: cframe 00000226, p(-23.00,0.00) v(0.00,0.00) a(0.00,0.00)
[Thu Jul 28 19:55:52 2016] frame 00000227 | user 1: p(-23.00,0.00) v(0.00,0.00) a(0.00,0.00) -> p(-23.00,0.00) v(0.00,0.00) a(0.00,0.00)
[Thu Jul 28 19:55:52 2016] frame 00000228 | user 1: p(-23.00,0.00) v(0.00,0.00) a(0.00,0.00) -> p(-23.00,0.00) v(0.00,0.00) a(0.00,0.00)
[Thu Jul 28 19:55:52 2016] frame 00000229 | user 1: p(-23.00,0.00) v(0.00,0.00) a(0.00,0.00) -> p(-23.00,0.00) v(0.00,0.00) a(0.00,0.00)
[Thu Jul 28 19:55:52 2016] frame 0000022A | user 1: p(-23.00,0.00) v(0.00,0.00) a(0.00,0.00) -> p(-23.00,0.00) v(0.00,0.00) a(0.00,0.00)
[Thu Jul 28 19:55:52 2016] frame 0000022B | user 1: p(-23.00,0.00) v(0.00,0.00) a(0.00,0.00) -> p(-23.00,0.00) v(0.00,0.00) a(0.00,0.00)
[Thu Jul 28 19:55:52 2016] frame 0000022B | server flush to 1 users 1
[Thu Jul 28 19:55:52 2016] frame 0000022B | update from user 1: cframe 0000022B, p(-23.00,0.00) v(0.00,0.00) a(0.00,0.00)
[Thu Jul 28 19:55:52 2016] frame 0000022C | user 1: p(-23.00,0.00) v(0.00,0.00) a(0.00,0.00) -> p(-23.00,0.00) v(0.00,0.00) a(0.00,0.00)
[Thu Jul 28 19:55:52 2016] frame 0000022D | user 1: p(-23.00,0.00) v(0.00,0.00) a(0.00,0.00) -> p(-23.00,0.00) v(0.00,0.00) a(0.00,0.00)
[Thu Jul 28 19:55:52 2016] frame 0000022E | user 1: p(-23.00,0.00) v(0.00,0.00) a(0.00,0.00) -> p(-23.00,0.00) v(0.00,0.00) a(0.00,0.00)
[Thu Jul 28 19:55:53 2016] frame 0000022F | user 1: p(-23.00,0.00) v(0.00,0.00) a(0.00,0.00) -> p(-23.00,0.00) v(0.00,0.00) a(0.00,0.00)
[Thu Jul 28 19:55:53 2016] frame 00000230 | user 1: p(-23.00,0.00) v(0.00,0.00) a(0.00,0.00) -> p(-23.00,0.00) v(0.00,0.00) a(0.00,0.00)
[Thu Jul 28 19:55:53 2016] frame 00000230 | server flush to 1 users 1
[Thu Jul 28 19:55:53 2016] frame 00000230 | update from user 1: cframe 00000230, p(-23.00,0.00) v(-0.30,0.00) a(-0.27,0.00)
[Thu Jul 28 19:55:53 2016] frame 00000231 | user 1: p(-23.00,0.00) v(-0.30,0.00) a(-0.27,0.00) -> p(-23.30,0.00) v(-0.57,0.00) a(-0.24,0.00)
[Thu Jul 28 19:55:53 2016] frame 00000232 | user 1: p(-23.30,0.00) v(-0.57,0.00) a(-0.24,0.00) -> p(-23.87,0.00) v(-0.81,0.00) a(-0.22,0.00)
[Thu Jul 28 19:55:53 2016] frame 00000233 | user 1: p(-23.87,0.00) v(-0.81,0.00) a(-0.22,0.00) -> p(-24.68,0.00) v(-1.03,0.00) a(-0.20,0.00)
[Thu Jul 28 19:55:53 2016] frame 00000234 | user 1: p(-24.68,0.00) v(-1.03,0.00) a(-0.20,0.00) -> p(-25.71,0.00) v(-1.23,0.00) a(-0.18,0.00)
[Thu Jul 28 19:55:53 2016] frame 00000235 | user 1: p(-25.71,0.00) v(-1.23,0.00) a(-0.18,0.00) -> p(-26.94,0.00) v(-1.41,0.00) a(-0.16,0.00)
[Thu Jul 28 19:55:53 2016] frame 00000235 | server flush to 1 users 1
[Thu Jul 28 19:55:53 2016] frame 00000235 | update from user 1: cframe 00000235, p(-26.94,0.00) v(-1.41,0.00) a(-0.16,0.00)
[Thu Jul 28 19:55:53 2016] frame 00000236 | user 1: p(-26.94,0.00) v(-1.41,0.00) a(-0.16,0.00) -> p(-28.35,0.00) v(-1.57,0.00) a(-0.14,0.00)
[Thu Jul 28 19:55:53 2016] frame 00000237 | user 1: p(-28.35,0.00) v(-1.57,0.00) a(-0.14,0.00) -> p(-29.91,0.00) v(-1.71,0.00) a(-0.13,0.00)
[Thu Jul 28 19:55:53 2016] frame 00000238 | user 1: p(-29.91,0.00) v(-1.71,0.00) a(-0.13,0.00) -> p(-31.62,0.00) v(-1.84,0.00) a(-0.12,0.00)
[Thu Jul 28 19:55:53 2016] frame 00000239 | user 1: p(-31.62,0.00) v(-1.84,0.00) a(-0.12,0.00) -> p(-33.46,0.00) v(-1.95,0.00) a(-0.10,0.00)
[Thu Jul 28 19:55:53 2016] frame 0000023A | user 1: p(-33.46,0.00) v(-1.95,0.00) a(-0.10,0.00) -> p(-35.41,0.00) v(-2.00,0.00) a(0.00,0.00)
[Thu Jul 28 19:55:53 2016] frame 0000023A | server flush to 1 users 1
[Thu Jul 28 19:55:53 2016] frame 0000023A | update from user 1: cframe 0000023A, p(-35.41,0.00) v(-2.00,0.00) a(0.00,0.00)
[Thu Jul 28 19:55:53 2016] frame 0000023B | user 1: p(-35.41,0.00) v(-2.00,0.00) a(0.00,0.00) -> p(-37.41,0.00) v(-2.00,0.00) a(0.00,0.00)
[Thu Jul 28 19:55:53 2016] frame 0000023C | user 1: p(-37.41,0.00) v(-2.00,0.00) a(0.00,0.00) -> p(-39.41,0.00) v(-2.00,0.00) a(0.00,0.00)
[Thu Jul 28 19:55:53 2016] frame 0000023D | user 1: p(-39.41,0.00) v(-2.00,0.00) a(0.00,0.00) -> p(-41.41,0.00) v(-2.00,0.00) a(0.00,0.00)
[Thu Jul 28 19:55:53 2016] frame 0000023E | user 1: p(-41.41,0.00) v(-2.00,0.00) a(0.00,0.00) -> p(-43.41,0.00) v(-2.00,0.00) a(0.00,0.00)
[Thu Jul 28 19:55:53 2016] frame 0000023F | user 1: p(-43.41,0.00) v(-2.00,0.00) a(0.00,0.00) -> p(-45.41,0.00) v(-2.00,0.00) a(0.00,0.00)
[Thu Jul 28 19:55:53 2016] frame 0000023F | server flush to 1 users 1
[Thu Jul 28 19:55:53 2016] frame 0000023F | update from user 1: cframe 0000023F, p(-45.41,0.00) v(-2.00,0.00) a(0.00,0.00)
[Thu Jul 28 19:55:53 2016] frame 00000240 | user 1: p(-45.41,0.00) v(-2.00,0.00) a(0.00,0.00) -> p(-47.41,0.00) v(-2.00,0.00) a(0.00,0.00)
[Thu Jul 28 19:55:53 2016] frame 00000241 | user 1: p(-47.41,0.00) v(-2.00,0.00) a(0.00,0.00) -> p(-49.41,0.00) v(-2.00,0.00) a(0.00,0.00)
[Thu Jul 28 19:55:53 2016] frame 00000242 | user 1: p(-49.41,0.00) v(-2.00,0.00) a(0.00,0.00) -> p(-51.41,0.00) v(-2.00,0.00) a(0.00,0.00)
[Thu Jul 28 19:55:53 2016] frame 00000243 | user 1: p(-51.41,0.00) v(-2.00,0.00) a(0.00,0.00) -> p(-53.41,0.00) v(-2.00,0.00) a(0.00,0.00)
[Thu Jul 28 19:55:53 2016] frame 00000244 | user 1: p(-53.41,0.00) v(-2.00,0.00) a(0.00,0.00) -> p(-55.41,0.00) v(-2.00,0.00) a(0.00,0.00)
[Thu Jul 28 19:55:53 2016] frame 00000244 | server flush to 1 users 1
[Thu Jul 28 19:55:53 2016] frame 00000244 | update from user 1: cframe 00000244, p(-55.41,0.00) v(-2.00,0.00) a(0.00,0.00)
[Thu Jul 28 19:55:53 2016] frame 00000245 | user 1: p(-55.41,0.00) v(-2.00,0.00) a(0.00,0.00) -> p(-57.41,0.00) v(-2.00,0.00) a(0.00,0.00)
[Thu Jul 28 19:55:53 2016] frame 00000246 | user 1: p(-57.41,0.00) v(-2.00,0.00) a(0.00,0.00) -> p(-59.41,0.00) v(-2.00,0.00) a(0.00,0.00)
[Thu Jul 28 19:55:53 2016] frame 00000247 | user 1: p(-59.41,0.00) v(-2.00,0.00) a(0.00,0.00) -> p(-61.41,0.00) v(-2.00,0.00) a(0.00,0.00)
[Thu Jul 28 19:55:53 2016] frame 00000248 | user 1: p(-61.41,0.00) v(-2.00,0.00) a(0.00,0.00) -> p(-63.41,0.00) v(-2.00,0.00) a(0.00,0.00)
[Thu Jul 28 19:55:53 2016] frame 00000249 | user 1: p(-63.41,0.00) v(-2.00,0.00) a(0.00,0.00) -> p(-65.41,0.00) v(-2.00,0.00) a(0.00,0.00)
[Thu Jul 28 19:55:53 2016] frame 00000249 | server flush to 1 users 1
[Thu Jul 28 19:55:53 2016] frame 00000249 | update from user 1: cframe 00000249, p(-65.41,0.00) v(-2.00,0.00) a(0.00,0.00)
[Thu Jul 28 19:55:53 2016] frame 0000024A | user 1: p(-65.41,0.00) v(-2.00,0.00) a(0.00,0.00) -> p(-67.41,0.00) v(-2.00,0.00) a(0.00,0.00)
[Thu Jul 28 19:55:53 2016] frame 0000024B | user 1: p(-67.41,0.00) v(-2.00,0.00) a(0.00,0.00) -> p(-69.41,0.00) v(-2.00,0.00) a(0.00,0.00)
[Thu Jul 28 19:55:53 2016] frame 0000024C | user 1: p(-69.41,0.00) v(-2.00,0.00) a(0.00,0.00) -> p(-71.41,0.00) v(-2.00,0.00) a(0.00,0.00)
[Thu Jul 28 19:55:54 2016] frame 0000024D | user 1: p(-71.41,0.00) v(-2.00,0.00) a(0.00,0.00) -> p(-73.41,0.00) v(-2.00,0.00) a(0.00,0.00)
[Thu Jul 28 19:55:54 2016] frame 0000024E | user 1: p(-73.41,0.00) v(-2.00,0.00) a(0.00,0.00) -> p(-75.41,0.00) v(-2.00,0.00) a(0.00,0.00)
[Thu Jul 28 19:55:54 2016] frame 0000024E | server flush to 1 users 1
[Thu Jul 28 19:55:54 2016] frame 0000024E | update from user 1: cframe 0000024E, p(-75.41,-2.71) v(-2.00,-1.23) a(0.00,-0.18)
[Thu Jul 28 19:55:54 2016] frame 0000024F | user 1: p(-75.41,-2.71) v(-2.00,-1.23) a(0.00,-0.18) -> p(-77.41,-3.94) v(-2.00,-1.41) a(0.00,-0.16)
[Thu Jul 28 19:55:54 2016] frame 00000250 | user 1: p(-77.41,-3.94) v(-2.00,-1.41) a(0.00,-0.16) -> p(-79.41,-5.35) v(-2.00,-1.57) a(0.00,-0.14)
[Thu Jul 28 19:55:54 2016] frame 00000251 | user 1: p(-79.41,-5.35) v(-2.00,-1.57) a(0.00,-0.14) -> p(-81.41,-6.91) v(-2.00,-1.71) a(0.00,-0.13)
[Thu Jul 28 19:55:54 2016] frame 00000252 | user 1: p(-81.41,-6.91) v(-2.00,-1.71) a(0.00,-0.13) -> p(-83.41,-8.62) v(-2.00,-1.84) a(0.00,-0.12)
[Thu Jul 28 19:55:54 2016] frame 00000253 | user 1: p(-83.41,-8.62) v(-2.00,-1.84) a(0.00,-0.12) -> p(-85.41,-10.46) v(-2.00,-1.95) a(0.00,-0.10)
[Thu Jul 28 19:55:54 2016] frame 00000253 | server flush to 1 users 1
[Thu Jul 28 19:55:54 2016] frame 00000253 | update from user 1: cframe 00000253, p(-84.54,-10.46) v(-1.19,-1.95) a(0.22,-0.10)
[Thu Jul 28 19:55:54 2016] frame 00000254 | user 1: p(-84.54,-10.46) v(-1.19,-1.95) a(0.22,-0.10) -> p(-85.73,-12.41) v(-0.97,-2.00) a(0.20,0.00)
[Thu Jul 28 19:55:54 2016] frame 00000255 | user 1: p(-85.73,-12.41) v(-0.97,-2.00) a(0.20,0.00) -> p(-86.70,-14.41) v(-0.77,-2.00) a(0.18,0.00)
[Thu Jul 28 19:55:54 2016] frame 00000256 | user 1: p(-86.70,-14.41) v(-0.77,-2.00) a(0.18,0.00) -> p(-87.47,-16.41) v(-0.59,-2.00) a(0.16,0.00)
[Thu Jul 28 19:55:54 2016] frame 00000257 | user 1: p(-87.47,-16.41) v(-0.59,-2.00) a(0.16,0.00) -> p(-88.07,-18.41) v(-0.43,-2.00) a(0.14,0.00)
[Thu Jul 28 19:55:54 2016] frame 00000258 | user 1: p(-88.07,-18.41) v(-0.43,-2.00) a(0.14,0.00) -> p(-88.50,-20.41) v(-0.29,-2.00) a(0.13,0.00)
[Thu Jul 28 19:55:54 2016] frame 00000258 | server flush to 1 users 1
[Thu Jul 28 19:55:54 2016] frame 00000258 | update from user 1: cframe 00000258, p(-88.50,-20.41) v(-0.29,-2.00) a(0.13,0.00)
[Thu Jul 28 19:55:54 2016] frame 00000259 | user 1: p(-88.50,-20.41) v(-0.29,-2.00) a(0.13,0.00) -> p(-88.79,-22.41) v(-0.16,-2.00) a(0.12,0.00)
[Thu Jul 28 19:55:54 2016] frame 0000025A | user 1: p(-88.79,-22.41) v(-0.16,-2.00) a(0.12,0.00) -> p(-88.95,-24.41) v(-0.05,-2.00) a(0.10,0.00)
[Thu Jul 28 19:55:54 2016] frame 0000025B | user 1: p(-88.95,-24.41) v(-0.05,-2.00) a(0.10,0.00) -> p(-89.00,-26.41) v(0.00,-2.00) a(0.00,0.00)
[Thu Jul 28 19:55:54 2016] frame 0000025C | user 1: p(-89.00,-26.41) v(0.00,-2.00) a(0.00,0.00) -> p(-89.00,-28.41) v(0.00,-2.00) a(0.00,0.00)
[Thu Jul 28 19:55:54 2016] frame 0000025C | update from user 1: cframe 0000025D, p(-89.00,-30.41) v(0.00,-2.00) a(0.00,0.00)
[Thu Jul 28 19:55:54 2016] frame 0000025D | user 1: p(-89.00,-28.41) v(0.00,-2.00) a(0.00,0.00) -> p(-89.00,-30.41) v(0.00,-2.00) a(0.00,0.00)
[Thu Jul 28 19:55:54 2016] frame 0000025D | server flush to 1 users 1
[Thu Jul 28 19:55:54 2016] frame 0000025E | user 1: p(-89.00,-30.41) v(0.00,-2.00) a(0.00,0.00) -> p(-89.00,-32.41) v(0.00,-2.00) a(0.00,0.00)
[Thu Jul 28 19:55:54 2016] frame 0000025F | user 1: p(-89.00,-32.41) v(0.00,-2.00) a(0.00,0.00) -> p(-89.00,-34.41) v(0.00,-2.00) a(0.00,0.00)
[Thu Jul 28 19:55:54 2016] frame 00000260 | user 1: p(-89.00,-34.41) v(0.00,-2.00) a(0.00,0.00) -> p(-89.00,-36.41) v(0.00,-2.00) a(0.00,0.00)
[Thu Jul 28 19:55:54 2016] frame 00000261 | user 1: p(-89.00,-36.41) v(0.00,-2.00) a(0.00,0.00) -> p(-89.00,-38.41) v(0.00,-2.00) a(0.00,0.00)
[Thu Jul 28 19:55:54 2016] frame 00000261 | update from user 1: cframe 00000262, p(-86.29,-40.41) v(1.23,-2.00) a(0.18,0.00)
[Thu Jul 28 19:55:54 2016] frame 00000262 | user 1: p(-89.00,-38.41) v(0.00,-2.00) a(0.00,0.00) -> p(-89.00,-40.41) v(0.00,-2.00) a(0.00,0.00)
[Thu Jul 28 19:55:54 2016] frame 00000262 | server flush to 1 users 1
[Thu Jul 28 19:55:54 2016] frame 00000263 | user 1: p(-89.00,-40.41) v(0.00,-2.00) a(0.00,0.00) -> p(-89.00,-42.41) v(0.00,-2.00) a(0.00,0.00)
[Thu Jul 28 19:55:54 2016] frame 00000264 | user 1: p(-89.00,-42.41) v(0.00,-2.00) a(0.00,0.00) -> p(-89.00,-44.41) v(0.00,-2.00) a(0.00,0.00)
[Thu Jul 28 19:55:54 2016] frame 00000265 | user 1: p(-89.00,-44.41) v(0.00,-2.00) a(0.00,0.00) -> p(-89.00,-46.41) v(0.00,-2.00) a(0.00,0.00)
[Thu Jul 28 19:55:54 2016] frame 00000266 | user 1: p(-89.00,-46.41) v(0.00,-2.00) a(0.00,0.00) -> p(-89.00,-48.41) v(0.00,-2.00) a(0.00,0.00)
[Thu Jul 28 19:55:54 2016] frame 00000267 | user 1: p(-89.00,-48.41) v(0.00,-2.00) a(0.00,0.00) -> p(-89.00,-50.41) v(0.00,-2.00) a(0.00,0.00)
[Thu Jul 28 19:55:54 2016] frame 00000267 | server flush to 1 users 1
[Thu Jul 28 19:55:54 2016] frame 00000267 | update from user 1: cframe 00000267, p(-78.54,-50.41) v(1.95,-2.00) a(0.10,0.00)
[Thu Jul 28 19:55:54 2016] frame 00000268 | user 1: p(-78.54,-50.41) v(1.95,-2.00) a(0.10,0.00) -> p(-76.59,-52.41) v(2.00,-2.00) a(0.00,0.00)
[Thu Jul 28 19:55:54 2016] frame 00000269 | user 1: p(-76.59,-52.41) v(2.00,-2.00) a(0.00,0.00) -> p(-74.59,-54.41) v(2.00,-2.00) a(0.00,0.00)
[Thu Jul 28 19:55:54 2016] frame 0000026A | user 1: p(-74.59,-54.41) v(2.00,-2.00) a(0.00,0.00) -> p(-72.59,-56.41) v(2.00,-2.00) a(0.00,0.00)
[Thu Jul 28 19:55:55 2016] frame 0000026B | user 1: p(-72.59,-56.41) v(2.00,-2.00) a(0.00,0.00) -> p(-70.59,-58.41) v(2.00,-2.00) a(0.00,0.00)
[Thu Jul 28 19:55:55 2016] frame 0000026C | user 1: p(-70.59,-58.41) v(2.00,-2.00) a(0.00,0.00) -> p(-68.59,-60.41) v(2.00,-2.00) a(0.00,0.00)
[Thu Jul 28 19:55:55 2016] frame 0000026C | server flush to 1 users 1
[Thu Jul 28 19:55:55 2016] frame 0000026C | update from user 1: cframe 0000026C, p(-68.59,-60.41) v(2.00,-2.00) a(0.00,0.00)
[Thu Jul 28 19:55:55 2016] frame 0000026D | user 1: p(-68.59,-60.41) v(2.00,-2.00) a(0.00,0.00) -> p(-66.59,-62.41) v(2.00,-2.00) a(0.00,0.00)
[Thu Jul 28 19:55:55 2016] frame 0000026E | user 1: p(-66.59,-62.41) v(2.00,-2.00) a(0.00,0.00) -> p(-64.59,-64.41) v(2.00,-2.00) a(0.00,0.00)
[Thu Jul 28 19:55:55 2016] frame 0000026F | user 1: p(-64.59,-64.41) v(2.00,-2.00) a(0.00,0.00) -> p(-62.59,-66.41) v(2.00,-2.00) a(0.00,0.00)
[Thu Jul 28 19:55:55 2016] frame 00000270 | user 1: p(-62.59,-66.41) v(2.00,-2.00) a(0.00,0.00) -> p(-60.59,-68.41) v(2.00,-2.00) a(0.00,0.00)
[Thu Jul 28 19:55:55 2016] frame 00000271 | user 1: p(-60.59,-68.41) v(2.00,-2.00) a(0.00,0.00) -> p(-58.59,-70.41) v(2.00,-2.00) a(0.00,0.00)
[Thu Jul 28 19:55:55 2016] frame 00000271 | server flush to 1 users 1
[Thu Jul 28 19:55:55 2016] frame 00000271 | update from user 1: cframe 00000271, p(-58.59,-70.41) v(2.00,-2.00) a(0.00,0.00)
[Thu Jul 28 19:55:55 2016] frame 00000272 | user 1: p(-58.59,-70.41) v(2.00,-2.00) a(0.00,0.00) -> p(-56.59,-72.41) v(2.00,-2.00) a(0.00,0.00)
[Thu Jul 28 19:55:55 2016] frame 00000273 | user 1: p(-56.59,-72.41) v(2.00,-2.00) a(0.00,0.00) -> p(-54.59,-74.41) v(2.00,-2.00) a(0.00,0.00)
[Thu Jul 28 19:55:55 2016] frame 00000274 | user 1: p(-54.59,-74.41) v(2.00,-2.00) a(0.00,0.00) -> p(-52.59,-76.41) v(2.00,-2.00) a(0.00,0.00)
[Thu Jul 28 19:55:55 2016] frame 00000275 | user 1: p(-52.59,-76.41) v(2.00,-2.00) a(0.00,0.00) -> p(-50.59,-78.41) v(2.00,-2.00) a(0.00,0.00)
[Thu Jul 28 19:55:55 2016] frame 00000276 | user 1: p(-50.59,-78.41) v(2.00,-2.00) a(0.00,0.00) -> p(-48.59,-80.41) v(2.00,-2.00) a(0.00,0.00)
[Thu Jul 28 19:55:55 2016] frame 00000276 | server flush to 1 users 1
[Thu Jul 28 19:55:55 2016] frame 00000276 | update from user 1: cframe 00000276, p(-48.59,-80.41) v(2.00,-2.00) a(0.00,0.00)
[Thu Jul 28 19:55:55 2016] frame 00000277 | user 1: p(-48.59,-80.41) v(2.00,-2.00) a(0.00,0.00) -> p(-46.59,-82.41) v(2.00,-2.00) a(0.00,0.00)
[Thu Jul 28 19:55:55 2016] frame 00000278 | user 1: p(-46.59,-82.41) v(2.00,-2.00) a(0.00,0.00) -> p(-44.59,-84.41) v(2.00,-2.00) a(0.00,0.00)
[Thu Jul 28 19:55:55 2016] frame 00000279 | user 1: p(-44.59,-84.41) v(2.00,-2.00) a(0.00,0.00) -> p(-42.59,-86.41) v(2.00,-2.00) a(0.00,0.00)
[Thu Jul 28 19:55:55 2016] frame 0000027A | user 1: p(-42.59,-86.41) v(2.00,-2.00) a(0.00,0.00) -> p(-40.59,-88.41) v(2.00,-2.00) a(0.00,0.00)
[Thu Jul 28 19:55:55 2016] frame 0000027B | user 1: p(-40.59,-88.41) v(2.00,-2.00) a(0.00,0.00) -> p(-38.59,-90.41) v(2.00,-2.00) a(0.00,0.00)
[Thu Jul 28 19:55:55 2016] frame 0000027B | server flush to 1 users 1
[Thu Jul 28 19:55:55 2016] frame 0000027B | update from user 1: cframe 0000027B, p(-38.59,-90.41) v(2.00,-2.00) a(0.00,0.00)
[Thu Jul 28 19:55:55 2016] frame 0000027C | user 1: p(-38.59,-90.41) v(2.00,-2.00) a(0.00,0.00) -> p(-36.59,-92.41) v(2.00,-2.00) a(0.00,0.00)
[Thu Jul 28 19:55:55 2016] frame 0000027D | user 1: p(-36.59,-92.41) v(2.00,-2.00) a(0.00,0.00) -> p(-34.59,-94.41) v(2.00,-2.00) a(0.00,0.00)
[Thu Jul 28 19:55:55 2016] frame 0000027E | user 1: p(-34.59,-94.41) v(2.00,-2.00) a(0.00,0.00) -> p(-32.59,-96.41) v(2.00,-2.00) a(0.00,0.00)
[Thu Jul 28 19:55:55 2016] frame 0000027F | user 1: p(-32.59,-96.41) v(2.00,-2.00) a(0.00,0.00) -> p(-30.59,-98.41) v(2.00,-2.00) a(0.00,0.00)
[Thu Jul 28 19:55:55 2016] frame 00000280 | user 1: p(-30.59,-98.41) v(2.00,-2.00) a(0.00,0.00) -> p(-28.59,-100.41) v(2.00,-2.00) a(0.00,0.00)
[Thu Jul 28 19:55:55 2016] frame 00000280 | server flush to 1 users 1
[Thu Jul 28 19:55:55 2016] frame 00000280 | update from user 1: cframe 00000280, p(-28.59,-97.70) v(2.00,-0.77) a(0.00,0.18)
[Thu Jul 28 19:55:55 2016] frame 00000281 | user 1: p(-28.59,-97.70) v(2.00,-0.77) a(0.00,0.18) -> p(-26.59,-98.47) v(2.00,-0.59) a(0.00,0.16)
[Thu Jul 28 19:55:55 2016] frame 00000282 | user 1: p(-26.59,-98.47) v(2.00,-0.59) a(0.00,0.16) -> p(-24.59,-99.07) v(2.00,-0.43) a(0.00,0.14)
[Thu Jul 28 19:55:55 2016] frame 00000283 | user 1: p(-24.59,-99.07) v(2.00,-0.43) a(0.00,0.14) -> p(-22.59,-99.50) v(2.00,-0.29) a(0.00,0.13)
[Thu Jul 28 19:55:55 2016] frame 00000284 | user 1: p(-22.59,-99.50) v(2.00,-0.29) a(0.00,0.13) -> p(-20.59,-99.79) v(2.00,-0.16) a(0.00,0.12)
[Thu Jul 28 19:55:55 2016] frame 00000285 | user 1: p(-20.59,-99.79) v(2.00,-0.16) a(0.00,0.12) -> p(-18.59,-99.95) v(2.00,-0.05) a(0.00,0.10)
[Thu Jul 28 19:55:55 2016] frame 00000285 | server flush to 1 users 1
[Thu Jul 28 19:55:55 2016] frame 00000285 | update from user 1: cframe 00000285, p(-18.59,-99.95) v(2.00,-0.05) a(0.00,0.10)
[Thu Jul 28 19:55:55 2016] frame 00000286 | user 1: p(-18.59,-99.95) v(2.00,-0.05) a(0.00,0.10) -> p(-16.59,-100.00) v(2.00,0.00) a(0.00,0.00)
[Thu Jul 28 19:55:55 2016] frame 00000287 | user 1: p(-16.59,-100.00) v(2.00,0.00) a(0.00,0.00) -> p(-14.59,-100.00) v(2.00,0.00) a(0.00,0.00)
[Thu Jul 28 19:55:55 2016] frame 00000288 | user 1: p(-14.59,-100.00) v(2.00,0.00) a(0.00,0.00) -> p(-12.59,-100.00) v(2.00,0.00) a(0.00,0.00)
[Thu Jul 28 19:55:56 2016] frame 00000289 | user 1: p(-12.59,-100.00) v(2.00,0.00) a(0.00,0.00) -> p(-10.59,-100.00) v(2.00,0.00) a(0.00,0.00)
[Thu Jul 28 19:55:56 2016] frame 0000028A | user 1: p(-10.59,-100.00) v(2.00,0.00) a(0.00,0.00) -> p(-8.59,-100.00) v(2.00,0.00) a(0.00,0.00)
[Thu Jul 28 19:55:56 2016] frame 0000028A | server flush to 1 users 1
[Thu Jul 28 19:55:56 2016] frame 0000028A | update from user 1: cframe 0000028A, p(-8.59,-100.00) v(2.00,0.00) a(0.00,0.00)
[Thu Jul 28 19:55:56 2016] frame 0000028B | user 1: p(-8.59,-100.00) v(2.00,0.00) a(0.00,0.00) -> p(-6.59,-100.00) v(2.00,0.00) a(0.00,0.00)
[Thu Jul 28 19:55:56 2016] frame 0000028C | user 1: p(-6.59,-100.00) v(2.00,0.00) a(0.00,0.00) -> p(-4.59,-100.00) v(2.00,0.00) a(0.00,0.00)
[Thu Jul 28 19:55:56 2016] frame 0000028D | user 1: p(-4.59,-100.00) v(2.00,0.00) a(0.00,0.00) -> p(-2.59,-100.00) v(2.00,0.00) a(0.00,0.00)
[Thu Jul 28 19:55:56 2016] frame 0000028E | user 1: p(-2.59,-100.00) v(2.00,0.00) a(0.00,0.00) -> p(-0.59,-100.00) v(2.00,0.00) a(0.00,0.00)
[Thu Jul 28 19:55:56 2016] frame 0000028F | user 1: p(-0.59,-100.00) v(2.00,0.00) a(0.00,0.00) -> p(1.41,-100.00) v(2.00,0.00) a(0.00,0.00)
[Thu Jul 28 19:55:56 2016] frame 0000028F | server flush to 1 users 1
[Thu Jul 28 19:55:56 2016] frame 0000028F | update from user 1: cframe 0000028F, p(1.41,-100.00) v(2.00,0.00) a(0.00,0.00)
[Thu Jul 28 19:55:56 2016] frame 00000290 | user 1: p(1.41,-100.00) v(2.00,0.00) a(0.00,0.00) -> p(3.41,-100.00) v(2.00,0.00) a(0.00,0.00)
[Thu Jul 28 19:55:56 2016] frame 00000291 | user 1: p(3.41,-100.00) v(2.00,0.00) a(0.00,0.00) -> p(5.41,-100.00) v(2.00,0.00) a(0.00,0.00)
[Thu Jul 28 19:55:56 2016] frame 00000292 | user 1: p(5.41,-100.00) v(2.00,0.00) a(0.00,0.00) -> p(7.41,-100.00) v(2.00,0.00) a(0.00,0.00)
[Thu Jul 28 19:55:56 2016] frame 00000293 | user 1: p(7.41,-100.00) v(2.00,0.00) a(0.00,0.00) -> p(9.41,-100.00) v(2.00,0.00) a(0.00,0.00)
[Thu Jul 28 19:55:56 2016] frame 00000294 | user 1: p(9.41,-100.00) v(2.00,0.00) a(0.00,0.00) -> p(11.41,-100.00) v(2.00,0.00) a(0.00,0.00)
[Thu Jul 28 19:55:56 2016] frame 00000294 | server flush to 1 users 1
[Thu Jul 28 19:55:56 2016] frame 00000294 | update from user 1: cframe 00000294, p(11.41,-100.00) v(2.00,-0.30) a(0.00,-0.27)
[Thu Jul 28 19:55:56 2016] frame 00000295 | user 1: p(11.41,-100.00) v(2.00,-0.30) a(0.00,-0.27) -> p(13.41,-100.30) v(2.00,-0.57) a(0.00,-0.24)
[Thu Jul 28 19:55:56 2016] frame 00000296 | user 1: p(13.41,-100.30) v(2.00,-0.57) a(0.00,-0.24) -> p(15.41,-100.87) v(2.00,-0.81) a(0.00,-0.22)
[Thu Jul 28 19:55:56 2016] frame 00000297 | user 1: p(15.41,-100.87) v(2.00,-0.81) a(0.00,-0.22) -> p(17.41,-101.68) v(2.00,-1.03) a(0.00,-0.20)
[Thu Jul 28 19:55:56 2016] frame 00000298 | user 1: p(17.41,-101.68) v(2.00,-1.03) a(0.00,-0.20) -> p(19.41,-102.71) v(2.00,-1.23) a(0.00,-0.18)
[Thu Jul 28 19:55:56 2016] frame 00000299 | user 1: p(19.41,-102.71) v(2.00,-1.23) a(0.00,-0.18) -> p(21.41,-103.94) v(2.00,-1.41) a(0.00,-0.16)
[Thu Jul 28 19:55:56 2016] frame 00000299 | server flush to 1 users 1
[Thu Jul 28 19:55:56 2016] frame 00000299 | update from user 1: cframe 00000299, p(21.41,-103.94) v(2.00,-1.41) a(0.00,-0.16)
[Thu Jul 28 19:55:56 2016] frame 0000029A | user 1: p(21.41,-103.94) v(2.00,-1.41) a(0.00,-0.16) -> p(23.41,-105.35) v(2.00,-1.57) a(0.00,-0.14)
[Thu Jul 28 19:55:56 2016] frame 0000029B | user 1: p(23.41,-105.35) v(2.00,-1.57) a(0.00,-0.14) -> p(25.41,-106.91) v(2.00,-1.71) a(0.00,-0.13)
[Thu Jul 28 19:55:56 2016] frame 0000029C | user 1: p(25.41,-106.91) v(2.00,-1.71) a(0.00,-0.13) -> p(27.41,-108.62) v(2.00,-1.84) a(0.00,-0.12)
[Thu Jul 28 19:55:56 2016] frame 0000029D | user 1: p(27.41,-108.62) v(2.00,-1.84) a(0.00,-0.12) -> p(29.41,-110.46) v(2.00,-1.95) a(0.00,-0.10)
[Thu Jul 28 19:55:56 2016] frame 0000029E | user 1: p(29.41,-110.46) v(2.00,-1.95) a(0.00,-0.10) -> p(31.41,-112.41) v(2.00,-2.00) a(0.00,0.00)
[Thu Jul 28 19:55:56 2016] frame 0000029E | server flush to 1 users 1
[Thu Jul 28 19:55:56 2016] frame 0000029E | update from user 1: cframe 0000029E, p(31.41,-112.41) v(2.00,-2.00) a(0.00,0.00)
[Thu Jul 28 19:55:56 2016] frame 0000029F | user 1: p(31.41,-112.41) v(2.00,-2.00) a(0.00,0.00) -> p(33.41,-114.41) v(2.00,-2.00) a(0.00,0.00)
[Thu Jul 28 19:55:56 2016] frame 000002A0 | user 1: p(33.41,-114.41) v(2.00,-2.00) a(0.00,0.00) -> p(35.41,-116.41) v(2.00,-2.00) a(0.00,0.00)
[Thu Jul 28 19:55:56 2016] frame 000002A1 | user 1: p(35.41,-116.41) v(2.00,-2.00) a(0.00,0.00) -> p(37.41,-118.41) v(2.00,-2.00) a(0.00,0.00)
[Thu Jul 28 19:55:56 2016] frame 000002A2 | user 1: p(37.41,-118.41) v(2.00,-2.00) a(0.00,0.00) -> p(39.41,-120.41) v(2.00,-2.00) a(0.00,0.00)
[Thu Jul 28 19:55:56 2016] frame 000002A3 | user 1: p(39.41,-120.41) v(2.00,-2.00) a(0.00,0.00) -> p(41.41,-122.41) v(2.00,-2.00) a(0.00,0.00)
[Thu Jul 28 19:55:56 2016] frame 000002A3 | server flush to 1 users 1
[Thu Jul 28 19:55:56 2016] frame 000002A3 | update from user 1: cframe 000002A3, p(41.41,-122.41) v(2.00,-2.00) a(0.00,0.00)
[Thu Jul 28 19:55:56 2016] frame 000002A4 | user 1: p(41.41,-122.41) v(2.00,-2.00) a(0.00,0.00) -> p(43.41,-124.41) v(2.00,-2.00) a(0.00,0.00)
[Thu Jul 28 19:55:56 2016] frame 000002A5 | user 1: p(43.41,-124.41) v(2.00,-2.00) a(0.00,0.00) -> p(45.41,-126.41) v(2.00,-2.00) a(0.00,0.00)
[Thu Jul 28 19:55:56 2016] frame 000002A6 | user 1: p(45.41,-126.41) v(2.00,-2.00) a(0.00,0.00) -> p(47.41,-128.41) v(2.00,-2.00) a(0.00,0.00)
[Thu Jul 28 19:55:57 2016] frame 000002A7 | user 1: p(47.41,-128.41) v(2.00,-2.00) a(0.00,0.00) -> p(49.41,-130.41) v(2.00,-2.00) a(0.00,0.00)
[Thu Jul 28 19:55:57 2016] frame 000002A8 | user 1: p(49.41,-130.41) v(2.00,-2.00) a(0.00,0.00) -> p(51.41,-132.41) v(2.00,-2.00) a(0.00,0.00)
[Thu Jul 28 19:55:57 2016] frame 000002A8 | server flush to 1 users 1
[Thu Jul 28 19:55:57 2016] frame 000002A8 | update from user 1: cframe 000002A8, p(51.41,-132.41) v(2.00,-1.70) a(0.00,0.27)
[Thu Jul 28 19:55:57 2016] frame 000002A9 | user 1: p(51.41,-132.41) v(2.00,-1.70) a(0.00,0.27) -> p(53.41,-134.11) v(2.00,-1.43) a(0.00,0.24)
[Thu Jul 28 19:55:57 2016] frame 000002AA | user 1: p(53.41,-134.11) v(2.00,-1.43) a(0.00,0.24) -> p(55.41,-135.54) v(2.00,-1.19) a(0.00,0.22)
[Thu Jul 28 19:55:57 2016] frame 000002AB | user 1: p(55.41,-135.54) v(2.00,-1.19) a(0.00,0.22) -> p(57.41,-136.73) v(2.00,-0.97) a(0.00,0.20)
[Thu Jul 28 19:55:57 2016] frame 000002AC | user 1: p(57.41,-136.73) v(2.00,-0.97) a(0.00,0.20) -> p(59.41,-137.70) v(2.00,-0.77) a(0.00,0.18)
[Thu Jul 28 19:55:57 2016] frame 000002AD | user 1: p(59.41,-137.70) v(2.00,-0.77) a(0.00,0.18) -> p(61.41,-138.47) v(2.00,-0.59) a(0.00,0.16)
[Thu Jul 28 19:55:57 2016] frame 000002AD | server flush to 1 users 1
[Thu Jul 28 19:55:57 2016] frame 000002AD | update from user 1: cframe 000002AD, p(61.41,-138.47) v(2.00,-0.59) a(0.00,0.16)
[Thu Jul 28 19:55:57 2016] frame 000002AE | user 1: p(61.41,-138.47) v(2.00,-0.59) a(0.00,0.16) -> p(63.41,-139.07) v(2.00,-0.43) a(0.00,0.14)
[Thu Jul 28 19:55:57 2016] frame 000002AF | user 1: p(63.41,-139.07) v(2.00,-0.43) a(0.00,0.14) -> p(65.41,-139.50) v(2.00,-0.29) a(0.00,0.13)
[Thu Jul 28 19:55:57 2016] frame 000002B0 | user 1: p(65.41,-139.50) v(2.00,-0.29) a(0.00,0.13) -> p(67.41,-139.79) v(2.00,-0.16) a(0.00,0.12)
[Thu Jul 28 19:55:57 2016] frame 000002B1 | user 1: p(67.41,-139.79) v(2.00,-0.16) a(0.00,0.12) -> p(69.41,-139.95) v(2.00,-0.05) a(0.00,0.10)
[Thu Jul 28 19:55:57 2016] frame 000002B2 | user 1: p(69.41,-139.95) v(2.00,-0.05) a(0.00,0.10) -> p(71.41,-140.00) v(2.00,0.00) a(0.00,0.00)
[Thu Jul 28 19:55:57 2016] frame 000002B2 | server flush to 1 users 1
[Thu Jul 28 19:55:57 2016] frame 000002B2 | update from user 1: cframe 000002B2, p(71.41,-140.00) v(2.00,0.00) a(0.00,0.00)
[Thu Jul 28 19:55:57 2016] frame 000002B3 | user 1: p(71.41,-140.00) v(2.00,0.00) a(0.00,0.00) -> p(73.41,-140.00) v(2.00,0.00) a(0.00,0.00)
[Thu Jul 28 19:55:57 2016] frame 000002B4 | user 1: p(73.41,-140.00) v(2.00,0.00) a(0.00,0.00) -> p(75.41,-140.00) v(2.00,0.00) a(0.00,0.00)
[Thu Jul 28 19:55:57 2016] frame 000002B5 | user 1: p(75.41,-140.00) v(2.00,0.00) a(0.00,0.00) -> p(77.41,-140.00) v(2.00,0.00) a(0.00,0.00)
[Thu Jul 28 19:55:57 2016] frame 000002B6 | user 1: p(77.41,-140.00) v(2.00,0.00) a(0.00,0.00) -> p(79.41,-140.00) v(2.00,0.00) a(0.00,0.00)
[Thu Jul 28 19:55:57 2016] frame 000002B7 | user 1: p(79.41,-140.00) v(2.00,0.00) a(0.00,0.00) -> p(81.41,-140.00) v(2.00,0.00) a(0.00,0.00)
[Thu Jul 28 19:55:57 2016] frame 000002B7 | server flush to 1 users 1
[Thu Jul 28 19:55:57 2016] frame 000002B7 | update from user 1: cframe 000002B7, p(81.41,-140.00) v(2.00,0.00) a(0.00,0.00)
[Thu Jul 28 19:55:57 2016] frame 000002B8 | user 1: p(81.41,-140.00) v(2.00,0.00) a(0.00,0.00) -> p(83.41,-140.00) v(2.00,0.00) a(0.00,0.00)
[Thu Jul 28 19:55:57 2016] frame 000002B9 | user 1: p(83.41,-140.00) v(2.00,0.00) a(0.00,0.00) -> p(85.41,-140.00) v(2.00,0.00) a(0.00,0.00)
[Thu Jul 28 19:55:57 2016] frame 000002BA | user 1: p(85.41,-140.00) v(2.00,0.00) a(0.00,0.00) -> p(87.41,-140.00) v(2.00,0.00) a(0.00,0.00)
[Thu Jul 28 19:55:57 2016] frame 000002BB | user 1: p(87.41,-140.00) v(2.00,0.00) a(0.00,0.00) -> p(89.41,-140.00) v(2.00,0.00) a(0.00,0.00)
[Thu Jul 28 19:55:57 2016] frame 000002BC | user 1: p(89.41,-140.00) v(2.00,0.00) a(0.00,0.00) -> p(91.41,-140.00) v(2.00,0.00) a(0.00,0.00)
[Thu Jul 28 19:55:57 2016] frame 000002BC | server flush to 1 users 1
[Thu Jul 28 19:55:57 2016] frame 000002BC | update from user 1: cframe 000002BC, p(88.70,-140.00) v(0.77,0.00) a(-0.18,0.00)
[Thu Jul 28 19:55:57 2016] frame 000002BD | user 1: p(88.70,-140.00) v(0.77,0.00) a(-0.18,0.00) -> p(89.47,-140.00) v(0.59,0.00) a(-0.16,0.00)
[Thu Jul 28 19:55:57 2016] frame 000002BE | user 1: p(89.47,-140.00) v(0.59,0.00) a(-0.16,0.00) -> p(90.07,-140.00) v(0.43,0.00) a(-0.14,0.00)
[Thu Jul 28 19:55:57 2016] frame 000002BF | user 1: p(90.07,-140.00) v(0.43,0.00) a(-0.14,0.00) -> p(90.50,-140.00) v(0.29,0.00) a(-0.13,0.00)
[Thu Jul 28 19:55:57 2016] frame 000002C0 | user 1: p(90.50,-140.00) v(0.29,0.00) a(-0.13,0.00) -> p(90.79,-140.00) v(0.16,0.00) a(-0.12,0.00)
[Thu Jul 28 19:55:57 2016] frame 000002C1 | user 1: p(90.79,-140.00) v(0.16,0.00) a(-0.12,0.00) -> p(90.95,-140.00) v(0.05,0.00) a(-0.10,0.00)
[Thu Jul 28 19:55:57 2016] frame 000002C1 | server flush to 1 users 1
[Thu Jul 28 19:55:57 2016] frame 000002C1 | update from user 1: cframe 000002C1, p(90.95,-140.00) v(0.05,0.00) a(-0.10,0.00)
[Thu Jul 28 19:55:57 2016] frame 000002C2 | user 1: p(90.95,-140.00) v(0.05,0.00) a(-0.10,0.00) -> p(91.00,-140.00) v(0.00,0.00) a(0.00,0.00)
[Thu Jul 28 19:55:57 2016] frame 000002C3 | user 1: p(91.00,-140.00) v(0.00,0.00) a(0.00,0.00) -> p(91.00,-140.00) v(0.00,0.00) a(0.00,0.00)
[Thu Jul 28 19:55:57 2016] frame 000002C4 | user 1: p(91.00,-140.00) v(0.00,0.00) a(0.00,0.00) -> p(91.00,-140.00) v(0.00,0.00) a(0.00,0.00)
[Thu Jul 28 19:55:58 2016] frame 000002C5 | user 1: p(91.00,-140.00) v(0.00,0.00) a(0.00,0.00) -> p(91.00,-140.00) v(0.00,0.00) a(0.00,0.00)
[Thu Jul 28 19:55:58 2016] frame 000002C6 | user 1: p(91.00,-140.00) v(0.00,0.00) a(0.00,0.00) -> p(91.00,-140.00) v(0.00,0.00) a(0.00,0.00)
[Thu Jul 28 19:55:58 2016] frame 000002C6 | server flush to 1 users 1
[Thu Jul 28 19:55:58 2016] frame 000002C6 | update from user 1: cframe 000002C6, p(91.00,-140.00) v(0.00,0.00) a(0.00,0.00)
[Thu Jul 28 19:55:58 2016] frame 000002C7 | user 1: p(91.00,-140.00) v(0.00,0.00) a(0.00,0.00) -> p(91.00,-140.00) v(0.00,0.00) a(0.00,0.00)
[Thu Jul 28 19:55:58 2016] frame 000002C8 | user 1: p(91.00,-140.00) v(0.00,0.00) a(0.00,0.00) -> p(91.00,-140.00) v(0.00,0.00) a(0.00,0.00)
[Thu Jul 28 19:55:58 2016] frame 000002C9 | user 1: p(91.00,-140.00) v(0.00,0.00) a(0.00,0.00) -> p(91.00,-140.00) v(0.00,0.00) a(0.00,0.00)
[Thu Jul 28 19:55:58 2016] frame 000002CA | user 1: p(91.00,-140.00) v(0.00,0.00) a(0.00,0.00) -> p(91.00,-140.00) v(0.00,0.00) a(0.00,0.00)
[Thu Jul 28 19:55:58 2016] frame 000002CB | user 1: p(91.00,-140.00) v(0.00,0.00) a(0.00,0.00) -> p(91.00,-140.00) v(0.00,0.00) a(0.00,0.00)
[Thu Jul 28 19:55:58 2016] frame 000002CB | server flush to 1 users 1
[Thu Jul 28 19:55:58 2016] frame 000002CB | update from user 1: cframe 000002CB, p(91.00,-140.00) v(0.00,0.00) a(0.00,0.00)
[Thu Jul 28 19:55:58 2016] frame 000002CC | user 1: p(91.00,-140.00) v(0.00,0.00) a(0.00,0.00) -> p(91.00,-140.00) v(0.00,0.00) a(0.00,0.00)
[Thu Jul 28 19:55:58 2016] frame 000002CD | user 1: p(91.00,-140.00) v(0.00,0.00) a(0.00,0.00) -> p(91.00,-140.00) v(0.00,0.00) a(0.00,0.00)
[Thu Jul 28 19:55:58 2016] frame 000002CE | user 1: p(91.00,-140.00) v(0.00,0.00) a(0.00,0.00) -> p(91.00,-140.00) v(0.00,0.00) a(0.00,0.00)
[Thu Jul 28 19:55:58 2016] frame 000002CF | user 1: p(91.00,-140.00) v(0.00,0.00) a(0.00,0.00) -> p(91.00,-140.00) v(0.00,0.00) a(0.00,0.00)
[Thu Jul 28 19:55:58 2016] frame 000002CF | user 1: out last status p(91.00,-140.00) v(0.00,0.00) a(0.00,0.00)
[Thu Jul 28 19:55:58 2016] frame 000002D0 | server flush to 0 users
[Thu Jul 28 19:55:58 2016] frame 000002D5 | server flush to 0 users
[Thu Jul 28 19:55:58 2016] frame 000002DA | server flush to 0 users
[Thu Jul 28 19:55:58 2016] frame 000002DF | server flush to 0 users
[Thu Jul 28 19:55:59 2016] frame 000002E4 | server flush to 0 users
[Thu Jul 28 19:55:59 2016] frame 000002E9 | server flush to 0 users
[Thu Jul 28 19:55:59 2016] frame 000002EE | server flush to 0 users
[Thu Jul 28 19:55:59 2016] frame 000002F3 | server flush to 0 users
[Thu Jul 28 19:55:59 2016] frame 000002F8 | server flush to 0 users
[Thu Jul 28 19:55:59 2016] frame 000002FD | server flush to 0 users
[Thu Jul 28 19:56:00 2016] frame 00000302 | server flush to 0 users
[Thu Jul 28 19:56:00 2016] frame 00000307 | server flush to 0 users
[Thu Jul 28 19:56:00 2016] frame 0000030C | server flush to 0 users
[Thu Jul 28 19:56:00 2016] frame 00000311 | server flush to 0 users
[Thu Jul 28 19:56:00 2016] frame 00000316 | server flush to 0 users
[Thu Jul 28 19:56:00 2016] frame 0000031B | server flush to 0 users
[Thu Jul 28 19:56:01 2016] frame 00000320 | server flush to 0 users
[Thu Jul 28 19:56:01 2016] frame 00000325 | server flush to 0 users
[Thu Jul 28 19:56:01 2016] frame 0000032A | server flush to 0 users
[Thu Jul 28 19:56:01 2016] frame 0000032F | server flush to 0 users
[Thu Jul 28 19:56:01 2016] frame 00000334 | server flush to 0 users
[Thu Jul 28 19:56:01 2016] frame 00000339 | server flush to 0 users
[Thu Jul 28 19:56:02 2016] frame 0000033E | server flush to 0 users
[Thu Jul 28 19:56:02 2016] frame 00000343 | server flush to 0 users
[Thu Jul 28 19:56:02 2016] frame 00000348 | server flush to 0 users
[Thu Jul 28 19:56:02 2016] frame 0000034D | server flush to 0 users
[Thu Jul 28 19:56:02 2016] frame 00000352 | server flush to 0 users
[Thu Jul 28 19:56:02 2016] frame 00000357 | server flush to 0 users
[Thu Jul 28 19:56:03 2016] frame 0000035C | server flush to 0 users
[Thu Jul 28 19:56:03 2016] frame 00000361 | server flush to 0 users
[Thu Jul 28 19:56:03 2016] frame 00000366 | server flush to 0 users
[Thu Jul 28 19:56:03 2016] frame 0000036B | server flush to 0 users
[Thu Jul 28 19:56:03 2016] frame 00000370 | server flush to 0 users
[Thu Jul 28 19:56:03 2016] frame 00000375 | server flush to 0 users
[Thu Jul 28 19:56:04 2016] frame 0000037A | server flush to 0 users
[Thu Jul 28 19:56:04 2016] frame 0000037F | server flush to 0 users
[Thu Jul 28 19:56:04 2016] frame 00000384 | server flush to 0 users
[Thu Jul 28 19:56:04 2016] frame 00000389 | server flush to 0 users
[Thu Jul 28 19:56:04 2016] frame 0000038E | server flush to 0 users
[Thu Jul 28 19:56:04 2016] frame 00000393 | server flush to 0 users
[Thu Jul 28 19:56:05 2016] frame 00000398 | server flush to 0 users
[Thu Jul 28 19:56:05 2016] frame 0000039D | server flush to 0 users
[Thu Jul 28 19:56:05 2016] frame 000003A2 | server flush to 0 users
[Thu Jul 28 19:56:05 2016] frame 000003A7 | server flush to 0 users
[Thu Jul 28 19:56:05 2016] frame 000003AC | server flush to 0 users
[Thu Jul 28 19:56:05 2016] frame 000003B1 | server flush to 0 users
[Thu Jul 28 19:56:06 2016] frame 000003B6 | server flush to 0 users
[Thu Jul 28 19:56:06 2016] frame 000003BB | server flush to 0 users
[Thu Jul 28 19:56:06 2016] frame 000003C0 | server flush to 0 users
[Thu Jul 28 19:56:06 2016] frame 000003C5 | server flush to 0 users
[Thu Jul 28 19:56:06 2016] frame 000003CA | server flush to 0 users
[Thu Jul 28 19:56:06 2016] frame 000003CF | server flush to 0 users
[Thu Jul 28 19:56:07 2016] frame 000003D4 | server flush to 0 users
[Thu Jul 28 19:56:07 2016] frame 000003D9 | server flush to 0 users
[Thu Jul 28 19:56:07 2016] frame 000003DE | server flush to 0 users
[Thu Jul 28 19:56:07 2016] frame 000003E3 | server flush to 0 users
[Thu Jul 28 19:56:07 2016] frame 000003E8 | server flush to 0 users
[Thu Jul 28 19:56:07 2016] frame 000003ED | server flush to 0 users
[Thu Jul 28 19:56:08 2016] frame 000003F2 | server flush to 0 users
[Thu Jul 28 19:56:08 2016] frame 000003F7 | server flush to 0 users
[Thu Jul 28 19:56:08 2016] frame 000003FC | server flush to 0 users
[Thu Jul 28 19:56:08 2016] frame 00000401 | server flush to 0 users
[Thu Jul 28 19:56:08 2016] frame 00000406 | server flush to 0 users
[Thu Jul 28 19:56:08 2016] frame 0000040B | server flush to 0 users
[Thu Jul 28 19:56:09 2016] frame 00000410 | server flush to 0 users
[Thu Jul 28 19:56:09 2016] frame 00000415 | server flush to 0 users
[Thu Jul 28 19:56:09 2016] frame 0000041A | server flush to 0 users
[Thu Jul 28 19:56:09 2016] frame 0000041F | server flush to 0 users
[Thu Jul 28 19:56:09 2016] frame 00000424 | server flush to 0 users
[Thu Jul 28 19:56:09 2016] frame 00000429 | server flush to 0 users
[Thu Jul 28 19:56:10 2016] frame 0000042E | server flush to 0 users
[Thu Jul 28 19:56:10 2016] frame 00000433 | server flush to 0 users
[Thu Jul 28 19:56:10 2016] frame 00000438 | server flush to 0 users
[Thu Jul 28 19:56:10 2016] frame 0000043D | server flush to 0 users
[Thu Jul 28 19:56:10 2016] frame 00000442 | server flush to 0 users
[Thu Jul 28 19:56:10 2016] frame 00000447 | server flush to 0 users
[Thu Jul 28 19:56:11 2016] frame 0000044C | server flush to 0 users
[Thu Jul 28 19:56:11 2016] frame 00000451 | server flush to 0 users
[Thu Jul 28 19:56:11 2016] frame 00000456 | server flush to 0 users
[Thu Jul 28 19:56:11 2016] frame 0000045B | server flush to 0 users
[Thu Jul 28 19:56:11 2016] frame 00000460 | server flush to 0 users
[Thu Jul 28 19:56:11 2016] frame 00000465 | server flush to 0 users
[Thu Jul 28 19:56:12 2016] frame 0000046A | server flush to 0 users
[Thu Jul 28 19:56:12 2016] frame 0000046F | server flush to 0 users
[Thu Jul 28 19:56:12 2016] frame 00000474 | server flush to 0 users
[Thu Jul 28 19:56:12 2016] frame 00000479 | server flush to 0 users
[Thu Jul 28 19:56:12 2016] frame 0000047E | server flush to 0 users
[Thu Jul 28 19:56:12 2016] frame 00000483 | server flush to 0 users
[Thu Jul 28 19:56:13 2016] frame 00000488 | server flush to 0 users
[Thu Jul 28 19:56:13 2016] frame 0000048D | server flush to 0 users
[Thu Jul 28 19:56:13 2016] frame 00000492 | server flush to 0 users
[Thu Jul 28 19:56:13 2016] frame 00000497 | server flush to 0 users
[Thu Jul 28 19:56:13 2016] frame 0000049C | server flush to 0 users
[Thu Jul 28 19:56:13 2016] frame 000004A1 | server flush to 0 users
[Thu Jul 28 19:56:14 2016] frame 000004A6 | server flush to 0 users
[Thu Jul 28 19:56:14 2016] frame 000004AB | server flush to 0 users
[Thu Jul 28 19:56:14 2016] frame 000004B0 | server flush to 0 users
[Thu Jul 28 19:56:14 2016] frame 000004B5 | server flush to 0 users
[Thu Jul 28 19:56:14 2016] frame 000004BA | server flush to 0 users
[Thu Jul 28 19:56:14 2016] frame 000004BF | server flush to 0 users
[Thu Jul 28 19:56:15 2016] frame 000004C4 | server flush to 0 users
[Thu Jul 28 19:56:15 2016] frame 000004C9 | server flush to 0 users
[Thu Jul 28 19:56:15 2016] frame 000004CE | server flush to 0 users
[Thu Jul 28 19:56:15 2016] frame 000004D3 | server flush to 0 users
[Thu Jul 28 19:56:15 2016] frame 000004D8 | server flush to 0 users
[Thu Jul 28 19:56:15 2016] frame 000004DD | server flush to 0 users
[Thu Jul 28 19:56:16 2016] frame 000004E2 | server flush to 0 users
[Thu Jul 28 19:56:16 2016] frame 000004E7 | server flush to 0 users
[Thu Jul 28 19:56:16 2016] frame 000004EC | server flush to 0 users
[Thu Jul 28 19:56:16 2016] frame 000004F1 | server flush to 0 users
[Thu Jul 28 19:56:16 2016] frame 000004F6 | server flush to 0 users
[Thu Jul 28 19:56:16 2016] frame 000004FB | server flush to 0 users
[Thu Jul 28 19:56:17 2016] frame 00000500 | server flush to 0 users
[Thu Jul 28 19:56:17 2016] frame 00000505 | server flush to 0 users
[Thu Jul 28 19:56:17 2016] frame 0000050A | server flush to 0 users
[Thu Jul 28 19:56:17 2016] frame 0000050F | server flush to 0 users
[Thu Jul 28 19:56:17 2016] frame 00000514 | server flush to 0 users
[Thu Jul 28 19:56:17 2016] frame 00000519 | server flush to 0 users
[Thu Jul 28 19:56:18 2016] frame 0000051E | server flush to 0 users
[Thu Jul 28 19:56:18 2016] frame 00000523 | server flush to 0 users
[Thu Jul 28 19:56:18 2016] frame 00000528 | server flush to 0 users
[Thu Jul 28 19:56:18 2016] frame 0000052D | server flush to 0 users
[Thu Jul 28 19:56:18 2016] frame 00000532 | server flush to 0 users
[Thu Jul 28 19:56:18 2016] frame 00000537 | server flush to 0 users
[Thu Jul 28 19:56:19 2016] frame 0000053C | server flush to 0 users
[Thu Jul 28 19:56:19 2016] frame 00000541 | server flush to 0 users
[Thu Jul 28 19:56:19 2016] frame 00000546 | server flush to 0 users
[Thu Jul 28 19:56:19 2016] frame 0000054B | server flush to 0 users
[Thu Jul 28 19:56:19 2016] frame 00000550 | server flush to 0 users
[Thu Jul 28 19:56:19 2016] frame 00000555 | server flush to 0 users
[Thu Jul 28 19:56:20 2016] frame 0000055A | server flush to 0 users
[Thu Jul 28 19:56:20 2016] frame 0000055F | server flush to 0 users
[Thu Jul 28 19:56:20 2016] frame 00000564 | server flush to 0 users
[Thu Jul 28 19:56:20 2016] frame 00000569 | server flush to 0 users
[Thu Jul 28 19:56:20 2016] frame 0000056E | server flush to 0 users
[Thu Jul 28 19:56:20 2016] frame 00000573 | server flush to 0 users
[Thu Jul 28 19:56:21 2016] frame 00000578 | server flush to 0 users
[Thu Jul 28 19:56:21 2016] frame 0000057D | server flush to 0 users
[Thu Jul 28 19:56:21 2016] frame 00000582 | server flush to 0 users
[Thu Jul 28 19:56:21 2016] frame 00000587 | server flush to 0 users
[Thu Jul 28 19:56:21 2016] frame 0000058C | server flush to 0 users
[Thu Jul 28 19:56:21 2016] frame 00000591 | server flush to 0 users
[Thu Jul 28 19:56:22 2016] frame 00000596 | server flush to 0 users
[Thu Jul 28 19:56:22 2016] frame 0000059B | server flush to 0 users
[Thu Jul 28 19:56:22 2016] frame 000005A0 | server flush to 0 users
[Thu Jul 28 19:56:22 2016] frame 000005A5 | server flush to 0 users
[Thu Jul 28 19:56:22 2016] frame 000005AA | server flush to 0 users
[Thu Jul 28 19:56:22 2016] frame 000005AF | server flush to 0 users
[Thu Jul 28 19:56:23 2016] frame 000005B4 | server flush to 0 users
[Thu Jul 28 19:56:23 2016] frame 000005B9 | server flush to 0 users
[Thu Jul 28 19:56:23 2016] frame 000005BE | server flush to 0 users
[Thu Jul 28 19:56:23 2016] frame 000005C3 | server flush to 0 users
[Thu Jul 28 19:56:23 2016] frame 000005C8 | server flush to 0 users
[Thu Jul 28 19:56:23 2016] frame 000005CD | server flush to 0 users
[Thu Jul 28 19:56:24 2016] frame 000005D2 | server flush to 0 users
[Thu Jul 28 19:56:24 2016] frame 000005D7 | server flush to 0 users
[Thu Jul 28 19:56:24 2016] frame 000005DC | server flush to 0 users
[Thu Jul 28 19:56:24 2016] frame 000005E1 | server flush to 0 users
[Thu Jul 28 19:56:24 2016] frame 000005E6 | server flush to 0 users
[Thu Jul 28 19:56:24 2016] frame 000005EB | server flush to 0 users
[Thu Jul 28 19:56:25 2016] frame 000005F0 | server flush to 0 users
[Thu Jul 28 19:56:25 2016] frame 000005F5 | server flush to 0 users
[Thu Jul 28 19:56:25 2016] frame 000005FA | server flush to 0 users
[Thu Jul 28 19:56:25 2016] frame 000005FF | server flush to 0 users
[Thu Jul 28 19:56:25 2016] frame 00000604 | server flush to 0 users
[Thu Jul 28 19:56:25 2016] frame 00000609 | server flush to 0 users
[Thu Jul 28 19:56:26 2016] frame 0000060E | server flush to 0 users
[Thu Jul 28 19:56:26 2016] frame 00000613 | server flush to 0 users
[Thu Jul 28 19:56:26 2016] frame 00000618 | server flush to 0 users
[Thu Jul 28 19:56:26 2016] frame 0000061D | server flush to 0 users
[Thu Jul 28 19:56:26 2016] frame 00000622 | server flush to 0 users
[Thu Jul 28 19:56:26 2016] frame 00000627 | server flush to 0 users
[Thu Jul 28 19:56:27 2016] frame 0000062C | server flush to 0 users
[Thu Jul 28 19:56:27 2016] frame 00000631 | server flush to 0 users
[Thu Jul 28 19:56:27 2016] frame 00000636 | server flush to 0 users
[Thu Jul 28 19:56:27 2016] frame 0000063B | server flush to 0 users
[Thu Jul 28 19:56:27 2016] frame 00000640 | server flush to 0 users
[Thu Jul 28 19:56:27 2016] frame 00000645 | server flush to 0 users
[Thu Jul 28 19:56:28 2016] frame 0000064A | server flush to 0 users
[Thu Jul 28 19:56:28 2016] frame 0000064F | server flush to 0 users
[Thu Jul 28 19:56:28 2016] frame 00000654 | server flush to 0 users
[Thu Jul 28 19:56:28 2016] frame 00000659 | server flush to 0 users
[Thu Jul 28 19:56:28 2016] frame 0000065E | server flush to 0 users
[Thu Jul 28 19:56:28 2016] frame 00000663 | server flush to 0 users
[Thu Jul 28 19:56:29 2016] frame 00000668 | server flush to 0 users
[Thu Jul 28 19:56:29 2016] frame 0000066D | server flush to 0 users
[Thu Jul 28 19:56:29 2016] frame 00000672 | server flush to 0 users
[Thu Jul 28 19:56:29 2016] frame 00000677 | server flush to 0 users
[Thu Jul 28 19:56:29 2016] frame 0000067C | server flush to 0 users
[Thu Jul 28 19:56:29 2016] frame 00000681 | server flush to 0 users
[Thu Jul 28 19:56:30 2016] frame 00000686 | server flush to 0 users
[Thu Jul 28 19:56:30 2016] frame 0000068B | server flush to 0 users
[Thu Jul 28 19:56:30 2016] frame 00000690 | server flush to 0 users
[Thu Jul 28 19:56:30 2016] frame 00000695 | server flush to 0 users
[Thu Jul 28 19:56:30 2016] frame 0000069A | server flush to 0 users
[Thu Jul 28 19:56:30 2016] frame 0000069F | server flush to 0 users
[Thu Jul 28 19:56:31 2016] frame 000006A4 | server flush to 0 users
[Thu Jul 28 19:56:31 2016] frame 000006A9 | server flush to 0 users
[Thu Jul 28 19:56:31 2016] frame 000006AE | server flush to 0 users
[Thu Jul 28 19:56:31 2016] frame 000006B3 | server flush to 0 users
[Thu Jul 28 19:56:31 2016] frame 000006B8 | server flush to 0 users
[Thu Jul 28 19:56:31 2016] frame 000006BD | server flush to 0 users
[Thu Jul 28 19:56:32 2016] frame 000006C2 | server flush to 0 users
[Thu Jul 28 19:56:32 2016] frame 000006C7 | server flush to 0 users
[Thu Jul 28 19:56:32 2016] frame 000006CC | server flush to 0 users
[Thu Jul 28 19:56:32 2016] frame 000006D1 | server flush to 0 users
[Thu Jul 28 19:56:32 2016] frame 000006D6 | server flush to 0 users
[Thu Jul 28 19:56:32 2016] frame 000006DB | server flush to 0 users
[Thu Jul 28 19:56:33 2016] frame 000006E0 | server flush to 0 users
[Thu Jul 28 19:56:33 2016] frame 000006E5 | server flush to 0 users
[Thu Jul 28 19:56:33 2016] frame 000006EA | server flush to 0 users
[Thu Jul 28 19:56:33 2016] frame 000006EF | server flush to 0 users
[Thu Jul 28 19:56:33 2016] frame 000006F4 | server flush to 0 users
[Thu Jul 28 19:56:33 2016] frame 000006F9 | server flush to 0 users
[Thu Jul 28 19:56:34 2016] frame 000006FE | server flush to 0 users
[Thu Jul 28 19:56:34 2016] frame 00000703 | server flush to 0 users
[Thu Jul 28 19:56:34 2016] frame 00000708 | server flush to 0 users
[Thu Jul 28 19:56:34 2016] frame 0000070D | server flush to 0 users
[Thu Jul 28 19:56:34 2016] frame 00000712 | server flush to 0 users
[Thu Jul 28 19:56:34 2016] frame 00000717 | server flush to 0 users
[Thu Jul 28 19:56:35 2016] frame 0000071C | server flush to 0 users
[Thu Jul 28 19:56:35 2016] frame 00000721 | server flush to 0 users
[Thu Jul 28 19:56:35 2016] frame 00000726 | server flush to 0 users
[Thu Jul 28 19:56:35 2016] frame 0000072B | server flush to 0 users
[Thu Jul 28 19:56:35 2016] frame 00000730 | server flush to 0 users
[Thu Jul 28 19:56:35 2016] frame 00000735 | server flush to 0 users
[Thu Jul 28 19:56:36 2016] frame 0000073A | server flush to 0 users
[Thu Jul 28 19:56:36 2016] frame 0000073F | server flush to 0 users
[Thu Jul 28 19:56:36 2016] frame 00000744 | server flush to 0 users
[Thu Jul 28 19:56:36 2016] frame 00000749 | server flush to 0 users
[Thu Jul 28 19:56:36 2016] frame 0000074E | server flush to 0 users
[Thu Jul 28 19:56:36 2016] frame 00000753 | server flush to 0 users
