[Tue Aug  2 03:53:40 2016] frame 00000000 | opening ./data.db ... successful
[Tue Aug  2 03:53:40 2016] frame 00000000 | reading from file ... successful
[Tue Aug  2 03:53:40 2016] frame 00000000 | creating event base ... successful
[Tue Aug  2 03:53:40 2016] frame 00000000 | creating event listener ... successful[Listening fd: 7]
[Tue Aug  2 03:53:43 2016] frame 00000000 | ACK from 127.0.0.1: 50852
[Tue Aug  2 03:53:43 2016] frame 00000000 | user 1: in p(67.94,-27.61) v(0.00,0.00) a(0.00,0.00)
[Tue Aug  2 03:53:46 2016] frame 00000000 | ACK from 127.0.0.1: 50854
[Tue Aug  2 03:53:46 2016] frame 00000000 | user 0: in p(6.84,24.32) v(0.00,0.00) a(0.00,0.00)
[Tue Aug  2 03:53:46 2016] frame 00000001 | user 0: p(6.84,24.32) v(0.00,0.00) a(0.00,0.00) -> p(6.84,24.32) v(0.00,0.00) a(0.00,0.00)
[Tue Aug  2 03:53:46 2016] frame 00000001 | user 1: p(67.94,-27.61) v(0.00,0.00) a(0.00,0.00) -> p(67.94,-27.61) v(0.00,0.00) a(0.00,0.00)
[Tue Aug  2 03:53:46 2016] frame 00000002 | user 0: p(6.84,24.32) v(0.00,0.00) a(0.00,0.00) -> p(6.84,24.32) v(0.00,0.00) a(0.00,0.00)
[Tue Aug  2 03:53:46 2016] frame 00000002 | user 1: p(67.94,-27.61) v(0.00,0.00) a(0.00,0.00) -> p(67.94,-27.61) v(0.00,0.00) a(0.00,0.00)
[Tue Aug  2 03:53:46 2016] frame 00000003 | user 0: p(6.84,24.32) v(0.00,0.00) a(0.00,0.00) -> p(6.84,24.32) v(0.00,0.00) a(0.00,0.00)
[Tue Aug  2 03:53:46 2016] frame 00000003 | user 1: p(67.94,-27.61) v(0.00,0.00) a(0.00,0.00) -> p(67.94,-27.61) v(0.00,0.00) a(0.00,0.00)
[Tue Aug  2 03:53:46 2016] frame 00000004 | user 0: p(6.84,24.32) v(0.00,0.00) a(0.00,0.00) -> p(6.84,24.32) v(0.00,0.00) a(0.00,0.00)
[Tue Aug  2 03:53:46 2016] frame 00000004 | user 1: p(67.94,-27.61) v(0.00,0.00) a(0.00,0.00) -> p(67.94,-27.61) v(0.00,0.00) a(0.00,0.00)
[Tue Aug  2 03:53:46 2016] frame 00000005 | user 0: p(6.84,24.32) v(0.00,0.00) a(0.00,0.00) -> p(6.84,24.32) v(0.00,0.00) a(0.00,0.00)
[Tue Aug  2 03:53:46 2016] frame 00000005 | user 1: p(67.94,-27.61) v(0.00,0.00) a(0.00,0.00) -> p(67.94,-27.61) v(0.00,0.00) a(0.00,0.00)
[Tue Aug  2 03:53:46 2016] frame 00000006 | user 0: p(6.84,24.32) v(0.00,0.00) a(0.00,0.00) -> p(6.84,24.32) v(0.00,0.00) a(0.00,0.00)
[Tue Aug  2 03:53:46 2016] frame 00000006 | user 1: p(67.94,-27.61) v(0.00,0.00) a(0.00,0.00) -> p(67.94,-27.61) v(0.00,0.00) a(0.00,0.00)
[Tue Aug  2 03:53:46 2016] frame 00000007 | user 0: p(6.84,24.32) v(0.00,0.00) a(0.00,0.00) -> p(6.84,24.32) v(0.00,0.00) a(0.00,0.00)
[Tue Aug  2 03:53:46 2016] frame 00000007 | user 1: p(67.94,-27.61) v(0.00,0.00) a(0.00,0.00) -> p(67.94,-27.61) v(0.00,0.00) a(0.00,0.00)
[Tue Aug  2 03:53:46 2016] frame 00000008 | user 0: p(6.84,24.32) v(0.00,0.00) a(0.00,0.00) -> p(6.84,24.32) v(0.00,0.00) a(0.00,0.00)
[Tue Aug  2 03:53:46 2016] frame 00000008 | user 1: p(67.94,-27.61) v(0.00,0.00) a(0.00,0.00) -> p(67.94,-27.61) v(0.00,0.00) a(0.00,0.00)
[Tue Aug  2 03:53:46 2016] frame 00000009 | user 0: p(6.84,24.32) v(0.00,0.00) a(0.00,0.00) -> p(6.84,24.32) v(0.00,0.00) a(0.00,0.00)
[Tue Aug  2 03:53:46 2016] frame 00000009 | user 1: p(67.94,-27.61) v(0.00,0.00) a(0.00,0.00) -> p(67.94,-27.61) v(0.00,0.00) a(0.00,0.00)
[Tue Aug  2 03:53:46 2016] frame 0000000A | start timer ...
[Tue Aug  2 03:53:47 2016] frame 0000000A | time out ...
[Tue Aug  2 03:53:49 2016] frame 0000000A | user 1: out last status p(67.94,-27.61) v(0.00,0.00) a(0.00,0.00)
[Tue Aug  2 03:53:51 2016] frame 0000000A | user 0: out last status p(6.84,24.32) v(0.00,0.00) a(0.00,0.00)
